Removed Pin From Net: NetName=MIC+ Pin=J7-2
Removed Pin From Net: NetName=NetC3_2 Pin=J7-3
Change Component Designator: OldDesignator=5V NewDesignator=T1
Change Component Designator: OldDesignator=GND NewDesignator=T2
Added Component: Designator=D2(SOD123F)
Add component (AddParameter): Name = "Capacitance @ Vr, F"; Value = "15pF @ 4V, 1MHz"; VariantName = "[No Variations]"
Add component (AddParameter): Name = "ComponentLink1Description"; Value = "Datasheet"; VariantName = "[No Variations]"
Add component (AddParameter): Name = "ComponentLink1URL"; Value = "http://www.smc-diodes.com/propdf/1N4001FL-1N4007FL%20N1646%20REV.A.pdf"; VariantName = "[No Variations]"
Add component (AddParameter): Name = "ComponentLink2Description"; Value = "DigiKey Link"; VariantName = "[No Variations]"
Add component (AddParameter): Name = "ComponentLink2URL"; Value = "http://digikey.com/product-detail/en/smc-diode-solutions/1N4007FLTR/1655-1N4007FLCT-ND/11657827"; VariantName = "[No Variations]"
Add component (AddParameter): Name = "Current - Average Rectified (Io)"; Value = "1A"; VariantName = "[No Variations]"
Add component (AddParameter): Name = "Current - Reverse Leakage @ Vr"; Value = "5µA @ 1000V"; VariantName = "[No Variations]"
Add component (AddParameter): Name = "Diode Type"; Value = "Standard"; VariantName = "[No Variations]"
Add component (AddParameter): Name = "LastUpdated"; Value = "2020-08-30 20:59:55"; VariantName = "[No Variations]"
Add component (AddParameter): Name = "Lifecycle Status"; Value = "Active"; VariantName = "[No Variations]"
Add component (AddParameter): Name = "Manufacturer"; Value = "SMC Diode Solutions"; VariantName = "[No Variations]"
Add component (AddParameter): Name = "Manufacturer Part Number 1"; Value = "1N4007FLTR"; VariantName = "[No Variations]"
Add component (AddParameter): Name = "Minimum Order"; Value = "1"; VariantName = "[No Variations]"
Add component (AddParameter): Name = "Mounting Type"; Value = "Surface Mount"; VariantName = "[No Variations]"
Add component (AddParameter): Name = "Package / Case"; Value = "SOD-123F"; VariantName = "[No Variations]"
Add component (AddParameter): Name = "Packaging"; Value = "TapeAndReel"; VariantName = "[No Variations]"
Add component (AddParameter): Name = "PartId"; Value = "3314"; VariantName = "[No Variations]"
Add component (AddParameter): Name = "Price"; Value = "0.01"; VariantName = "[No Variations]"
Add component (AddParameter): Name = "Speed"; Value = "Standard Recovery >500ns, > 200mA (Io)"; VariantName = "[No Variations]"
Add component (AddParameter): Name = "Supplier 1"; Value = "DigiKey"; VariantName = "[No Variations]"
Add component (AddParameter): Name = "Supplier Device Package"; Value = "SOD-123FL"; VariantName = "[No Variations]"
Add component (AddParameter): Name = "Supplier Part Number 1"; Value = "1655-1N4007FLCT-ND"; VariantName = "[No Variations]"
Add component (AddParameter): Name = "Voltage - DC Reverse (Vr) (Max)"; Value = "1000V"; VariantName = "[No Variations]"
Add component (AddParameter): Name = "Voltage - Forward (Vf) (Max) @ If"; Value = "1.1V @ 1A"; VariantName = "[No Variations]"
Added Pin To Net: NetName=NetBZ1_2 Pin=D2-1
Added Pin To Net: NetName=+5V Pin=D2-2
Added Member To Class: ClassName=U_Buzzer, LED Member=Component D2 1N4007FLTR
Added Room: Name=Top-Sheet
Added Room: Name=U_Buzzer, LED
Added Room: Name=U_Enregistreur et Speaker Audio
Added Room: Name=U_FrontDoorConnecteur
