Change Component Parameter Comment in C1 Old= New==Value
Change Component Parameter Comment in C2 Old= New==Value
Change Component Parameter Comment in C3 Old= New==Value
Change Component Parameter Comment in C4 Old= New==Value
Change Component Parameter Comment in C5 Old= New==Value
Change Component Parameter Comment in C6 Old= New==Value
Change Component Parameter Comment in C7 Old= New==Value
Change Component Parameter Comment in C8 Old= New==Value
Change Component Parameter Comment in C9 Old= New==Value
Change Component Parameter Comment in C10 Old= New==Value
Change Component Parameter Comment in C11 Old= New==Value
Change Component Parameter Comment in D1 Old= New==Color
Change Component Parameter Comment in J5 Old= New=Microphone
Change Component Parameter Comment in J6 Old= New=Microphone
Change Component Parameter Comment in R5 Old= New==Value
Change Component Parameter Comment in R6 Old= New==Value
Change Component Parameter Comment in R7 Old= New==Value
Change Component Parameter Comment in R8 Old= New==Value
Change Component Parameter Comment in R9 Old= New==Value
Change Component Parameter Comment in R10 Old= New==Value
Change Component Parameter Comment in R11 Old= New==Value
Change Component Parameter Comment in S1 Old= New==Manufacturer Part Number 1
Change Component Parameter Comment in S2 Old= New==Manufacturer Part Number 1
Change Component Parameter Comment in S3 Old= New==Manufacturer Part Number 1
Change Component Parameter Comment in S4 Old= New==Manufacturer Part Number 1
Change Component Parameter Comment in S5 Old= New==Manufacturer Part Number 1
Change Component Parameter Comment in S6 Old= New==Manufacturer Part Number 1
Change Component Parameter Comment in S7 Old= New==Manufacturer Part Number 1
Change Component Parameter Comment in S8 Old= New==Manufacturer Part Number 1
Change Component Parameter Comment in S? Old= New==Manufacturer Part Number 1
Replace Symbol from C1 CAP ALUM 4.7UF 20% 35V in U:\Projet de fin de DEC\SecurityDoor\Door\Altium\DPIAT202304_FRONTDOOR\DPIAT202304_FRONTDOOR\Schematics\Enregistreur et Speaker Audio.SchDoc with CAP ALUM 4.7UF 20% 35V from ADAM LIBRARY.SCHLIB
Replace Symbol from C2 CAP CER 0.1UF 50V X7R 0603 in U:\Projet de fin de DEC\SecurityDoor\Door\Altium\DPIAT202304_FRONTDOOR\DPIAT202304_FRONTDOOR\Schematics\Enregistreur et Speaker Audio.SchDoc with CAP CER 0.1UF 50V X7R 0603 from ADAM LIBRARY.SCHLIB
Replace Symbol from C3 CAP CER 0.1UF 50V X7R 0603 in U:\Projet de fin de DEC\SecurityDoor\Door\Altium\DPIAT202304_FRONTDOOR\DPIAT202304_FRONTDOOR\Schematics\Enregistreur et Speaker Audio.SchDoc with CAP CER 0.1UF 50V X7R 0603 from ADAM LIBRARY.SCHLIB
Replace Symbol from C4 CAP ALUM 4.7UF 20% 35V in U:\Projet de fin de DEC\SecurityDoor\Door\Altium\DPIAT202304_FRONTDOOR\DPIAT202304_FRONTDOOR\Schematics\Enregistreur et Speaker Audio.SchDoc with CAP ALUM 4.7UF 20% 35V from ADAM LIBRARY.SCHLIB
Replace Symbol from C5 CAP CER 0.1UF 50V X7R 0603 in U:\Projet de fin de DEC\SecurityDoor\Door\Altium\DPIAT202304_FRONTDOOR\DPIAT202304_FRONTDOOR\Schematics\Enregistreur et Speaker Audio.SchDoc with CAP CER 0.1UF 50V X7R 0603 from ADAM LIBRARY.SCHLIB
Replace Symbol from C6 CAP ALUM 4.7UF 20% 35V in U:\Projet de fin de DEC\SecurityDoor\Door\Altium\DPIAT202304_FRONTDOOR\DPIAT202304_FRONTDOOR\Schematics\Enregistreur et Speaker Audio.SchDoc with CAP ALUM 4.7UF 20% 35V from ADAM LIBRARY.SCHLIB
Replace Symbol from C7 CAP CER 0.1UF 50V X7R 0603 in U:\Projet de fin de DEC\SecurityDoor\Door\Altium\DPIAT202304_FRONTDOOR\DPIAT202304_FRONTDOOR\Schematics\Enregistreur et Speaker Audio.SchDoc with CAP CER 0.1UF 50V X7R 0603 from ADAM LIBRARY.SCHLIB
Replace Symbol from C8 CAP ALUM 4.7UF 20% 35V in U:\Projet de fin de DEC\SecurityDoor\Door\Altium\DPIAT202304_FRONTDOOR\DPIAT202304_FRONTDOOR\Schematics\Enregistreur et Speaker Audio.SchDoc with CAP ALUM 4.7UF 20% 35V from ADAM LIBRARY.SCHLIB
Replace Symbol from C9 CAP CER 0.1UF 50V X7R 0603 in U:\Projet de fin de DEC\SecurityDoor\Door\Altium\DPIAT202304_FRONTDOOR\DPIAT202304_FRONTDOOR\Schematics\Enregistreur et Speaker Audio.SchDoc with CAP CER 0.1UF 50V X7R 0603 from ADAM LIBRARY.SCHLIB
Replace Symbol from C10 CAP ALUM 4.7UF 20% 35V in U:\Projet de fin de DEC\SecurityDoor\Door\Altium\DPIAT202304_FRONTDOOR\DPIAT202304_FRONTDOOR\Schematics\Enregistreur et Speaker Audio.SchDoc with CAP ALUM 4.7UF 20% 35V from ADAM LIBRARY.SCHLIB
Replace Symbol from C11 CAP CER 0.1UF 50V X7R 0603 in U:\Projet de fin de DEC\SecurityDoor\Door\Altium\DPIAT202304_FRONTDOOR\DPIAT202304_FRONTDOOR\Schematics\Enregistreur et Speaker Audio.SchDoc with CAP CER 0.1UF 50V X7R 0603 from ADAM LIBRARY.SCHLIB
Replace Symbol from D1 0603 RED LED in U:\Projet de fin de DEC\SecurityDoor\Door\Altium\DPIAT202304_FRONTDOOR\DPIAT202304_FRONTDOOR\Schematics\Enregistreur et Speaker Audio.SchDoc with 0603 RED LED from ADAM LIBRARY.SCHLIB
Replace Symbol from J5 TERM BLK 2P SIDE ENT 2.54MM PCB in U:\Projet de fin de DEC\SecurityDoor\Door\Altium\DPIAT202304_FRONTDOOR\DPIAT202304_FRONTDOOR\Schematics\Enregistreur et Speaker Audio.SchDoc with TERM BLK 2P SIDE ENT 2.54MM PCB from ADAM LIBRARY.SCHLIB
Replace Symbol from J6 TERM BLK 2P SIDE ENT 2.54MM PCB in U:\Projet de fin de DEC\SecurityDoor\Door\Altium\DPIAT202304_FRONTDOOR\DPIAT202304_FRONTDOOR\Schematics\Enregistreur et Speaker Audio.SchDoc with TERM BLK 2P SIDE ENT 2.54MM PCB from ADAM LIBRARY.SCHLIB
Replace Symbol from R5 RES SMD 4.7K OHM in U:\Projet de fin de DEC\SecurityDoor\Door\Altium\DPIAT202304_FRONTDOOR\DPIAT202304_FRONTDOOR\Schematics\Enregistreur et Speaker Audio.SchDoc with RES SMD 4.7K OHM from ADAM LIBRARY.SCHLIB
Replace Symbol from R6 RES SMD 4.7K OHM in U:\Projet de fin de DEC\SecurityDoor\Door\Altium\DPIAT202304_FRONTDOOR\DPIAT202304_FRONTDOOR\Schematics\Enregistreur et Speaker Audio.SchDoc with RES SMD 4.7K OHM from ADAM LIBRARY.SCHLIB
Replace Symbol from R7 RES SMD 4.7K OHM in U:\Projet de fin de DEC\SecurityDoor\Door\Altium\DPIAT202304_FRONTDOOR\DPIAT202304_FRONTDOOR\Schematics\Enregistreur et Speaker Audio.SchDoc with RES SMD 4.7K OHM from ADAM LIBRARY.SCHLIB
Replace Symbol from R8 RES SMD 150 OHM in U:\Projet de fin de DEC\SecurityDoor\Door\Altium\DPIAT202304_FRONTDOOR\DPIAT202304_FRONTDOOR\Schematics\Enregistreur et Speaker Audio.SchDoc with RES SMD 150 OHM from ADAM LIBRARY.SCHLIB
Replace Symbol from R9 RES SMD 80.6K OHM in U:\Projet de fin de DEC\SecurityDoor\Door\Altium\DPIAT202304_FRONTDOOR\DPIAT202304_FRONTDOOR\Schematics\Enregistreur et Speaker Audio.SchDoc with RES SMD 80.6K OHM from ADAM LIBRARY.SCHLIB
Replace Symbol from R10 RES SMD 100K OHM in U:\Projet de fin de DEC\SecurityDoor\Door\Altium\DPIAT202304_FRONTDOOR\DPIAT202304_FRONTDOOR\Schematics\Enregistreur et Speaker Audio.SchDoc with RES SMD 100K OHM from ADAM LIBRARY.SCHLIB
Replace Symbol from R11 RES SMD 100K OHM in U:\Projet de fin de DEC\SecurityDoor\Door\Altium\DPIAT202304_FRONTDOOR\DPIAT202304_FRONTDOOR\Schematics\Enregistreur et Speaker Audio.SchDoc with RES SMD 100K OHM from ADAM LIBRARY.SCHLIB
Replace Symbol from S1 AB11AH-HC in U:\Projet de fin de DEC\SecurityDoor\Door\Altium\DPIAT202304_FRONTDOOR\DPIAT202304_FRONTDOOR\Schematics\Enregistreur et Speaker Audio.SchDoc with AB11AH-HC from ADAM LIBRARY.SCHLIB
Replace Symbol from S2 Sw Lin in U:\Projet de fin de DEC\SecurityDoor\Door\Altium\DPIAT202304_FRONTDOOR\DPIAT202304_FRONTDOOR\Schematics\Enregistreur et Speaker Audio.SchDoc with Sw Lin from ADAM LIBRARY.SCHLIB
Replace Symbol from S3 Sw Lin in U:\Projet de fin de DEC\SecurityDoor\Door\Altium\DPIAT202304_FRONTDOOR\DPIAT202304_FRONTDOOR\Schematics\Enregistreur et Speaker Audio.SchDoc with Sw Lin from ADAM LIBRARY.SCHLIB
Replace Symbol from S4 Sw Lin in U:\Projet de fin de DEC\SecurityDoor\Door\Altium\DPIAT202304_FRONTDOOR\DPIAT202304_FRONTDOOR\Schematics\Enregistreur et Speaker Audio.SchDoc with Sw Lin from ADAM LIBRARY.SCHLIB
Replace Symbol from S5 Sw Lin in U:\Projet de fin de DEC\SecurityDoor\Door\Altium\DPIAT202304_FRONTDOOR\DPIAT202304_FRONTDOOR\Schematics\Enregistreur et Speaker Audio.SchDoc with Sw Lin from ADAM LIBRARY.SCHLIB
Replace Symbol from S6 Sw Lin in U:\Projet de fin de DEC\SecurityDoor\Door\Altium\DPIAT202304_FRONTDOOR\DPIAT202304_FRONTDOOR\Schematics\Enregistreur et Speaker Audio.SchDoc with Sw Lin from ADAM LIBRARY.SCHLIB
Replace Symbol from S7 SLIDE SWIT in U:\Projet de fin de DEC\SecurityDoor\Door\Altium\DPIAT202304_FRONTDOOR\DPIAT202304_FRONTDOOR\Schematics\Enregistreur et Speaker Audio.SchDoc with SLIDE SWIT from ADAM LIBRARY.SCHLIB
Replace Symbol from S8 Sw Lin in U:\Projet de fin de DEC\SecurityDoor\Door\Altium\DPIAT202304_FRONTDOOR\DPIAT202304_FRONTDOOR\Schematics\Enregistreur et Speaker Audio.SchDoc with Sw Lin from ADAM LIBRARY.SCHLIB
Replace Symbol from S? SLIDE SWIT in U:\Projet de fin de DEC\SecurityDoor\Door\Altium\DPIAT202304_FRONTDOOR\DPIAT202304_FRONTDOOR\Schematics\Enregistreur et Speaker Audio.SchDoc with SLIDE SWIT from ADAM LIBRARY.SCHLIB
Replace Symbol from U1 ISD1760SY in U:\Projet de fin de DEC\SecurityDoor\Door\Altium\DPIAT202304_FRONTDOOR\DPIAT202304_FRONTDOOR\Schematics\Enregistreur et Speaker Audio.SchDoc with ISD1760SY from ADAM LIBRARY.SCHLIB
