Removed Pin From Net: NetName=Vesp Pin=J6-1
Removed Pin From Net: NetName=GPIO0 Pin=J6-2
Removed Pin From Net: NetName=MPAP_C1 Pin=J6-3
Removed Pin From Net: NetName=MPAP_C2 Pin=J6-4
Removed Pin From Net: NetName=E/S EN Pin=J6-5
Removed Pin From Net: NetName=LED_R_CTRL Pin=J6-6
Removed Pin From Net: NetName=LED_G_CTRL Pin=J6-7
Removed Pin From Net: NetName=LED_B_CTRL Pin=J6-8
Removed Pin From Net: NetName=SDA Pin=J6-9
Removed Pin From Net: NetName=SCL/CLK Pin=J6-10
Removed Pin From Net: NetName=MOSI Pin=J6-11
Removed Pin From Net: NetName=MISO Pin=J6-12
Removed Pin From Net: NetName=+5V Pin=J7-1
Removed Pin From Net: NetName=INT_3D Pin=J7-2
Removed Pin From Net: NetName=DATA_RDY_3D Pin=J7-3
Removed Pin From Net: NetName=3D_SENSOR_EN Pin=J7-4
Removed Pin From Net: NetName=MTR_EA Pin=J7-5
Removed Pin From Net: NetName=MAGNET_EN Pin=J7-6
Removed Pin From Net: NetName=BUZZER_EA Pin=J7-7
Removed Pin From Net: NetName=INT_MAGNET Pin=J7-8
Removed Pin From Net: NetName=DATA_RDY_MAG Pin=J7-9
Removed Pin From Net: NetName=INFRA_R Pin=J7-10
Removed Pin From Net: NetName=IO35 Pin=J7-11
Removed Pin From Net: NetName=INFRA_T Pin=J7-12
Removed Pin From Net: NetName=ESP_EN Pin=J8-1
Removed Pin From Net: NetName=RX_ESP Pin=J8-9
Removed Pin From Net: NetName=TX_ESP Pin=J8-10
Removed Pin From Net: NetName=SENS_VP Pin=J8-11
Removed Pin From Net: NetName=SENS_VN Pin=J8-12
Removed Pin From Net: NetName=NetJ8_8 Pin=U8-17
Removed Pin From Net: NetName=NetJ8_7 Pin=U8-18
Removed Pin From Net: NetName=NetJ8_6 Pin=U8-19
Removed Pin From Net: NetName=NetJ8_5 Pin=U8-20
Removed Pin From Net: NetName=NetJ8_4 Pin=U8-21
Change Component Designator: OldDesignator=BAT NewDesignator=J5
Change Component Designator: OldDesignator=MOTEUR NewDesignator=J4
Added Pin To Net: NetName=ESP_EN Pin=J6-1
Added Pin To Net: NetName=SENS_VP Pin=J6-2
Added Pin To Net: NetName=SENS_VN Pin=J6-3
Added Pin To Net: NetName=INFRA_T Pin=J6-4
Added Pin To Net: NetName=IO35 Pin=J6-5
Added Pin To Net: NetName=INFRA_R Pin=J6-6
Added Pin To Net: NetName=DATA_RDY_MAG Pin=J6-7
Added Pin To Net: NetName=MAGNET_EN Pin=J6-8
Added Pin To Net: NetName=BUZZER_EA Pin=J6-9
Added Pin To Net: NetName=INT_MAGNET Pin=J6-10
Added Pin To Net: NetName=LED_B_CTRL Pin=J6-11
Added Pin To Net: NetName=LED_R_CTRL Pin=J6-12
Added Pin To Net: NetName=MTR_EA Pin=J7-1
Added Pin To Net: NetName=3D_SENSOR_EN Pin=J7-2
Added Pin To Net: NetName=TX_ESP Pin=J7-3
Added Pin To Net: NetName=RX_ESP Pin=J7-4
Added Pin To Net: NetName=DATA_RDY_3D Pin=J7-5
Added Pin To Net: NetName=INT_3D Pin=J7-7
Added Pin To Net: NetName=MISO Pin=J7-8
Added Pin To Net: NetName=E/S EN Pin=J7-9
Added Pin To Net: NetName=MOSI Pin=J7-10
Added Pin To Net: NetName=SCL/CLK Pin=J7-11
Added Pin To Net: NetName=MPAP_C2 Pin=J7-12
Added Pin To Net: NetName=GPIO0 Pin=J8-1
Added Pin To Net: NetName=MPAP_C1 Pin=J8-2
Added Pin To Net: NetName=SDA Pin=J8-3
Added Pin To Net: NetName=LED_G_CTRL Pin=J8-10
Added Pin To Net: NetName=RX_ESP Pin=J8-11
Added Pin To Net: NetName=TX_ESP Pin=J8-12
Added Pin To Net: NetName=NetJ8_8 Pin=U8-18
Added Pin To Net: NetName=NetJ8_7 Pin=U8-19
Added Pin To Net: NetName=NetJ8_6 Pin=U8-20
Added Pin To Net: NetName=NetJ8_5 Pin=U8-21
Added Pin To Net: NetName=NetJ8_4 Pin=U8-22
Added Pin To Net: NetName=GPIO32 Pin=J7-6
Added Pin To Net: NetName=GPIO32 Pin=U8-32
Added Net: Name=GPIO32
Added Pin To Net: NetName=NetJ8_9 Pin=J8-9
Added Pin To Net: NetName=NetJ8_9 Pin=U8-17
Added Net: Name=NetJ8_9
Add Class Member: Failed to add class member : Component H1 CABLE JST 10POS
Add Class Member: Failed to add class member : Component H2 CABLE JST 4POS
Added Room: Name=3DSensor, Magnet
Added Room: Name=Alimentation
Added Room: Name=DriveMoteur
Added Room: Name=FrontDoorConnecteur
Added Room: Name=Infrarouge R&T, LED SMD
Added Room: Name=MCU
Added Room: Name=Top-Sheet
Added Room: Name=USB-UART
