Added Component: Designator=J2(USB C HORIZONTAL)
Add component (AddParameter): Name = "ADAM Inventory Number 1"; Value = "E00005"; VariantName = "[No Variations]"
Add component (AddParameter): Name = "Manufacturer Part Number 1"; Value = "USB4105-GF-A"; VariantName = "[No Variations]"
Add component (AddParameter): Name = "Supplier 1"; Value = "Newark"; VariantName = "[No Variations]"
Add component (AddParameter): Name = "Supplier Part Number 1"; Value = "86AH2021"; VariantName = "[No Variations]"
Add Component: Footprint Not Found SW_DS04-254-2-03BK-SMT
Add Component: Footprint Not Found SW_DS04-254-2-03BK-SMT
Add Component: Footprint Not Found PQFN50P300X250X86-14N
Add Component: Footprint Not Found XDCR_LIS3MDLTR
Add Component: Footprint Not Found SON50P200X200X80-9N
Added Pin To Net: NetName=GND Pin=J2-A1_B12
Added Pin To Net: NetName=VUSB Pin=J2-A4_B9
Added Pin To Net: NetName=NetJ2_A5 Pin=J2-A5
Added Pin To Net: NetName=D+ Pin=J2-A6
Added Pin To Net: NetName=D- Pin=J2-A7
Added Pin To Net: NetName=NetJ2_A8 Pin=J2-A8
Added Pin To Net: NetName=GND Pin=J2-B1_A12
Added Pin To Net: NetName=VUSB Pin=J2-B4_A9
Added Pin To Net: NetName=NetJ2_A5 Pin=J2-B5
Added Pin To Net: NetName=D+ Pin=J2-B6
Added Pin To Net: NetName=D- Pin=J2-B7
Added Pin To Net: NetName=NetJ2_A8 Pin=J2-B8
Added Pin To Net: NetName=GND Pin=J2-S1
Added Pin To Net: NetName=GND Pin=J2-S2
Added Pin To Net: NetName=GND Pin=J2-S3
Added Pin To Net: NetName=GND Pin=J2-S4
Add Pin To Net: Unknown Pin: Pin S1-2
Add Pin To Net: Unknown Pin: Pin S1-3
Add Pin To Net: Unknown Pin: Pin S1-4
Add Pin To Net: Unknown Pin: Pin S1-5
Add Pin To Net: Unknown Pin: Pin S2-1
Add Pin To Net: Unknown Pin: Pin S2-2
Add Pin To Net: Unknown Pin: Pin S2-3
Add Pin To Net: Unknown Pin: Pin S2-4
Add Pin To Net: Unknown Pin: Pin S2-5
Add Pin To Net: Unknown Pin: Pin S2-6
Add Pin To Net: Unknown Pin: Pin U1-1
Add Pin To Net: Unknown Pin: Pin U1-2
Add Pin To Net: Unknown Pin: Pin U1-3
Add Pin To Net: Unknown Pin: Pin U1-4
Add Pin To Net: Unknown Pin: Pin U1-5
Add Pin To Net: Unknown Pin: Pin U1-6
Add Pin To Net: Unknown Pin: Pin U1-7
Add Pin To Net: Unknown Pin: Pin U1-8
Add Pin To Net: Unknown Pin: Pin U1-9
Add Pin To Net: Unknown Pin: Pin U1-10
Add Pin To Net: Unknown Pin: Pin U1-11
Add Pin To Net: Unknown Pin: Pin U1-12
Add Pin To Net: Unknown Pin: Pin U1-13
Add Pin To Net: Unknown Pin: Pin U1-14
Add Pin To Net: Unknown Pin: Pin U2-1
Add Pin To Net: Unknown Pin: Pin U2-2
Add Pin To Net: Unknown Pin: Pin U2-3
Add Pin To Net: Unknown Pin: Pin U2-4
Add Pin To Net: Unknown Pin: Pin U2-5
Add Pin To Net: Unknown Pin: Pin U2-6
Add Pin To Net: Unknown Pin: Pin U2-7
Add Pin To Net: Unknown Pin: Pin U2-8
Add Pin To Net: Unknown Pin: Pin U2-9
Add Pin To Net: Unknown Pin: Pin U2-10
Add Pin To Net: Unknown Pin: Pin U2-11
Add Pin To Net: Unknown Pin: Pin U2-12
Add Pin To Net: Unknown Pin: Pin U4-1
Add Pin To Net: Unknown Pin: Pin U4-2
Add Pin To Net: Unknown Pin: Pin U4-3
Add Pin To Net: Unknown Pin: Pin U4-4
Add Pin To Net: Unknown Pin: Pin U4-5
Add Pin To Net: Unknown Pin: Pin U4-6
Add Pin To Net: Unknown Pin: Pin U4-7
Add Pin To Net: Unknown Pin: Pin U4-8
Added Member To Class: ClassName=USB-UART Member=Component J2 USB4105-GF-A
Added Member To Class: ClassName=FrontDoorConnecteur Member=Component J? B10B-PH-K-S(LF)(SN)
Add Class Member: Failed to add class member : Component S1 Dip Switch 3P
Add Class Member: Failed to add class member : Component S2 Dip Switch 3P
Add Class Member: Failed to add class member : Component U1 LSM6DSMTR
Add Class Member: Failed to add class member : Component U2 LIS3MDLTR
Add Class Member: Failed to add class member : Component U4 DRV8837CDSGT
