Removed Pin From Net: NetName=VBat Pin=J5-1
Removed Pin From Net: NetName=+5V Pin=J12-1
Removed Pin From Net: NetName=GND Pin=J12-2
Change Component Footprint: Designator=J12 Old Footprint=JST B4B-PH-K New Footprint=MOLEX KK 0022272041
Change Component Comment : Designator=J12 Old Comment=B4B-PH-K-S(LF)(SN) New Comment=CONN JST 4P 2.54MM
Change component parameters: Designator = "J12" ("J12"); Footprint = "JST B4B-PH-K"; UniqueID = "\AHDEUJYO" ("\AHDEUJYO")
Change component parameters (AddParameter): Name = "ADAM Inventory Number 1"; Value = "E00076"; VariantName = "[No Variations]"
Change component parameters (AddParameter): Name = "Manufacturer Part Number 1"; Value = "0022272041"; VariantName = "[No Variations]"
Change component parameters (AddParameter): Name = "Supplier 1"; Value = "Mouser"; VariantName = "[No Variations]"
Added Component: Designator=C31(CAP ALSMD ELEC 8.3MM H10.5MM)
Add component (AddParameter): Name = "ADAM Inventory Number 1"; Value = "E00063"; VariantName = "[No Variations]"
Add component (AddParameter): Name = "Applications"; Value = "General Purpose"; VariantName = "[No Variations]"
Add component (AddParameter): Name = "Capacitance"; Value = "100 µF"; VariantName = "[No Variations]"
Add component (AddParameter): Name = "componentlink1description"; Value = "Datasheet"; VariantName = "[No Variations]"
Add component (AddParameter): Name = "componentlink1url"; Value = "https://products.nichicon.co.jp/en/pdf/XJA043/e-uwt.pdf"; VariantName = "[No Variations]"
Add component (AddParameter): Name = "componentlink2description"; Value = "DigiKey Link"; VariantName = "[No Variations]"
Add component (AddParameter): Name = "componentlink2url"; Value = "https://www.digikey.com/en/products/detail/nichicon/UWT1H101MNL1GS/589967"; VariantName = "[No Variations]"
Add component (AddParameter): Name = "Device Package"; Value = "Radial, Can - SMD"; VariantName = "[No Variations]"
Add component (AddParameter): Name = "Height - Seated (Max)"; Value = "0.413" (10.50mm)"; VariantName = "[No Variations]"
Add component (AddParameter): Name = "lastupdated"; Value = "2023-04-08 20:11:02"; VariantName = "[No Variations]"
Add component (AddParameter): Name = "Lifecycle Status"; Value = "Active"; VariantName = "[No Variations]"
Add component (AddParameter): Name = "Lifetime @ Temp."; Value = "1000 Hrs @ 105°C"; VariantName = "[No Variations]"
Add component (AddParameter): Name = "manufacturer"; Value = "Nichicon"; VariantName = "[No Variations]"
Add component (AddParameter): Name = "Manufacturer Part Number 1"; Value = "UWT1H101MNL1GS"; VariantName = "[No Variations]"
Add component (AddParameter): Name = "Minimum Order"; Value = "1"; VariantName = "[No Variations]"
Add component (AddParameter): Name = "Mounting Type"; Value = "Surface Mount"; VariantName = "[No Variations]"
Add component (AddParameter): Name = "Operating Temperature"; Value = "-55°C ~ 105°C"; VariantName = "[No Variations]"
Add component (AddParameter): Name = "Package / Case"; Value = "Radial, Can - SMD"; VariantName = "[No Variations]"
Add component (AddParameter): Name = "packaging"; Value = "TapeAndReel"; VariantName = "[No Variations]"
Add component (AddParameter): Name = "Part Status"; Value = "Active"; VariantName = "[No Variations]"
Add component (AddParameter): Name = "partid"; Value = "7453"; VariantName = "[No Variations]"
Add component (AddParameter): Name = "Polarization"; Value = "Polar"; VariantName = "[No Variations]"
Add component (AddParameter): Name = "price"; Value = "0.11"; VariantName = "[No Variations]"
Add component (AddParameter): Name = "Ripple Current @ High Frequency"; Value = "210 mA @ 10 kHz"; VariantName = "[No Variations]"
Add component (AddParameter): Name = "Ripple Current @ Low Frequency"; Value = "140 mA @ 120 Hz"; VariantName = "[No Variations]"
Add component (AddParameter): Name = "series"; Value = "UWT"; VariantName = "[No Variations]"
Add component (AddParameter): Name = "Size / Dimension"; Value = "0.315" Dia (8.00mm)"; VariantName = "[No Variations]"
Add component (AddParameter): Name = "Supplier 1"; Value = "DigiKey"; VariantName = "[No Variations]"
Add component (AddParameter): Name = "Supplier Part Number 1"; Value = "493-2226-1-ND"; VariantName = "[No Variations]"
Add component (AddParameter): Name = "Surface Mount Land Size"; Value = "0.327" L x 0.327" W (8.30mm x 8.30mm)"; VariantName = "[No Variations]"
Add component (AddParameter): Name = "Tolerance"; Value = "±20%"; VariantName = "[No Variations]"
Add component (AddParameter): Name = "value"; Value = "100 µF"; VariantName = "[No Variations]"
Add component (AddParameter): Name = "Voltage - Rated"; Value = "50 V"; VariantName = "[No Variations]"
Add Component: Footprint Not Found SW_DS04-254-2-03BK-SMT
Add Component: Footprint Not Found SW_DS04-254-2-03BK-SMT
Added Component: Designator=S4(SL 3Pos Switch)
Add component (AddParameter): Name = "Actuator Length"; Value = "2.00mm"; VariantName = "[No Variations]"
Add component (AddParameter): Name = "Actuator Type"; Value = "Standard"; VariantName = "[No Variations]"
Add component (AddParameter): Name = "ADAM Inventory Number 1"; Value = "E00013"; VariantName = "[No Variations]"
Add component (AddParameter): Name = "Circuit"; Value = "SPDT"; VariantName = "[No Variations]"
Add component (AddParameter): Name = "ComponentLink1Description"; Value = "Datasheet"; VariantName = "[No Variations]"
Add component (AddParameter): Name = "ComponentLink1URL"; Value = "https://www.we-online.com/catalog/datasheet/450405020524.pdf"; VariantName = "[No Variations]"
Add component (AddParameter): Name = "ComponentLink2Description"; Value = "DigiKey Link"; VariantName = "[No Variations]"
Add component (AddParameter): Name = "ComponentLink2URL"; Value = "https://www.digikey.com/en/products/detail/würth-elektronik/450405020524/11627297"; VariantName = "[No Variations]"
Add component (AddParameter): Name = "Contact Finish"; Value = "Silver"; VariantName = "[No Variations]"
Add component (AddParameter): Name = "Contact Material"; Value = "Copper Alloy"; VariantName = "[No Variations]"
Add component (AddParameter): Name = "Contact Plating"; Value = "Silver"; VariantName = "[No Variations]"
Add component (AddParameter): Name = "Contact Timing"; Value = "Non-Shorting (BBM)"; VariantName = "[No Variations]"
Add component (AddParameter): Name = "Current Rating (Amps)"; Value = "300mA (DC)"; VariantName = "[No Variations]"
Add component (AddParameter): Name = "LastUpdated"; Value = "2022-06-20 13:21:27"; VariantName = "[No Variations]"
Add component (AddParameter): Name = "Lifecycle Status"; Value = "Active"; VariantName = "[No Variations]"
Add component (AddParameter): Name = "Manufacturer"; Value = "Würth Elektronik"; VariantName = "[No Variations]"
Add component (AddParameter): Name = "Manufacturer Part Number 1"; Value = "450405020524"; VariantName = "[No Variations]"
Add component (AddParameter): Name = "Minimum Order"; Value = "1"; VariantName = "[No Variations]"
Add component (AddParameter): Name = "Mounting Technology"; Value = "SMT"; VariantName = "[No Variations]"
Add component (AddParameter): Name = "Mounting Type"; Value = "Surface Mount"; VariantName = "[No Variations]"
Add component (AddParameter): Name = "Operating Temperature"; Value = "-40°C ~ 85°C"; VariantName = "[No Variations]"
Add component (AddParameter): Name = "Packaging"; Value = "TapeAndReel"; VariantName = "[No Variations]"
Add component (AddParameter): Name = "Part Status"; Value = "Active"; VariantName = "[No Variations]"
Add component (AddParameter): Name = "PartId"; Value = "4"; VariantName = "[No Variations]"
Add component (AddParameter): Name = "Price"; Value = "0.73"; VariantName = "[No Variations]"
Add component (AddParameter): Name = "Published Date"; Value = "November 2019"; VariantName = "[No Variations]"
Add component (AddParameter): Name = "Publisher"; Value = "Wurth Elektronik"; VariantName = "[No Variations]"
Add component (AddParameter): Name = "Rated Current"; Value = "300mA"; VariantName = "[No Variations]"
Add component (AddParameter): Name = "Rated Voltage"; Value = "5VDC"; VariantName = "[No Variations]"
Add component (AddParameter): Name = "Series"; Value = "WS-SLSU"; VariantName = "[No Variations]"
Add component (AddParameter): Name = "Size"; Value = "8.7x3mm"; VariantName = "[No Variations]"
Add component (AddParameter): Name = "Supplier 1"; Value = "DigiKey"; VariantName = "[No Variations]"
Add component (AddParameter): Name = "Supplier Part Number 1"; Value = "732-450405020524CT-ND"; VariantName = "[No Variations]"
Add component (AddParameter): Name = "Switch Function"; Value = "On-On"; VariantName = "[No Variations]"
Add component (AddParameter): Name = "Switching Function"; Value = "On-On"; VariantName = "[No Variations]"
Add component (AddParameter): Name = "Terminal Material"; Value = "Copper Alloy"; VariantName = "[No Variations]"
Add component (AddParameter): Name = "Terminal Plating"; Value = "Silver"; VariantName = "[No Variations]"
Add component (AddParameter): Name = "Termination Style"; Value = "SMD (SMT) Tab"; VariantName = "[No Variations]"
Add component (AddParameter): Name = "Voltage Rating - DC"; Value = "5 V"; VariantName = "[No Variations]"
Added Component: Designator=U1(PQFN50P300X250X86-14N)
Add component (AddParameter): Name = "ADAM Inventory Number 1"; Value = "E00036"; VariantName = "[No Variations]"
Add component (AddParameter): Name = "Manufacturer Part Number 1"; Value = "LSM6DSMTR"; VariantName = "[No Variations]"
Add component (AddParameter): Name = "Supplier 1"; Value = "Digi-Key"; VariantName = "[No Variations]"
Add component (AddParameter): Name = "Supplier Part Number 1"; Value = "497-16696-1-ND"; VariantName = "[No Variations]"
Added Component: Designator=U2(XDCR_LIS3MDLTR)
Add component (AddParameter): Name = "ADAM Inventory Number 1"; Value = "E00037"; VariantName = "[No Variations]"
Add component (AddParameter): Name = "Manufacturer Part Number 1"; Value = "LIS3MDLTR"; VariantName = "[No Variations]"
Add component (AddParameter): Name = "Supplier 1"; Value = "Digi-Key"; VariantName = "[No Variations]"
Add component (AddParameter): Name = "Supplier Part Number 1"; Value = "497-13892-1-ND"; VariantName = "[No Variations]"
Added Component: Designator=U4(SON50P200X200X80-9N)
Add component (AddParameter): Name = "ADAM Inventory Number 1"; Value = "E00045"; VariantName = "[No Variations]"
Add component (AddParameter): Name = "Manufacturer Part Number 1"; Value = "DRV8837CDSGT"; VariantName = "[No Variations]"
Add component (AddParameter): Name = "Supplier 1"; Value = "Digi-Key"; VariantName = "[No Variations]"
Add component (AddParameter): Name = "Supplier Part Number 1"; Value = "296-44747-1-ND"; VariantName = "[No Variations]"
Added Pin To Net: NetName=+5V Pin=C31-1
Added Pin To Net: NetName=GND Pin=C31-2
Added Pin To Net: NetName=GND Pin=J12-1
Added Pin To Net: NetName=+5V Pin=J12-2
Add Pin To Net: Unknown Pin: Pin S1-2
Add Pin To Net: Unknown Pin: Pin S1-3
Add Pin To Net: Unknown Pin: Pin S1-4
Add Pin To Net: Unknown Pin: Pin S1-5
Add Pin To Net: Unknown Pin: Pin S2-1
Add Pin To Net: Unknown Pin: Pin S2-2
Add Pin To Net: Unknown Pin: Pin S2-3
Add Pin To Net: Unknown Pin: Pin S2-4
Add Pin To Net: Unknown Pin: Pin S2-5
Add Pin To Net: Unknown Pin: Pin S2-6
Added Pin To Net: NetName=VBat Pin=S4-1
Added Pin To Net: NetName=MISO Pin=U1-1
Added Pin To Net: NetName=NetJ1_3 Pin=U1-2
Added Pin To Net: NetName=NetJ1_4 Pin=U1-3
Added Pin To Net: NetName=INT_3D Pin=U1-4
Added Pin To Net: NetName=3.3V Pin=U1-5
Added Pin To Net: NetName=GND Pin=U1-6
Added Pin To Net: NetName=GND Pin=U1-7
Added Pin To Net: NetName=3.3V Pin=U1-8
Added Pin To Net: NetName=DATA_RDY_3D Pin=U1-9
Added Pin To Net: NetName=OCS_AUX Pin=U1-10
Added Pin To Net: NetName=SDO_AUX Pin=U1-11
Added Pin To Net: NetName=3D_SENSOR_EN Pin=U1-12
Added Pin To Net: NetName=SCL/CLK Pin=U1-13
Added Pin To Net: NetName=SDA Pin=U1-14
Added Pin To Net: NetName=SCL/CLK Pin=U2-1
Added Pin To Net: NetName=GND Pin=U2-2
Added Pin To Net: NetName=GND Pin=U2-3
Added Pin To Net: NetName=C1 Pin=U2-4
Added Pin To Net: NetName=3.3V Pin=U2-5
Added Pin To Net: NetName=3.3V Pin=U2-6
Added Pin To Net: NetName=INT_MAGNET Pin=U2-7
Added Pin To Net: NetName=DATA_RDY_MAG Pin=U2-8
Added Pin To Net: NetName=MISO Pin=U2-9
Added Pin To Net: NetName=MAGNET_EN Pin=U2-10
Added Pin To Net: NetName=SDA Pin=U2-11
Added Pin To Net: NetName=GND Pin=U2-12
Added Pin To Net: NetName=+5V Pin=U4-1
Added Pin To Net: NetName=NetJ4_1 Pin=U4-2
Added Pin To Net: NetName=NetJ4_2 Pin=U4-3
Added Pin To Net: NetName=GND Pin=U4-4
Added Pin To Net: NetName=MPAP_C2 Pin=U4-5
Added Pin To Net: NetName=MPAP_C1 Pin=U4-6
Added Pin To Net: NetName=MTR_EA Pin=U4-7
Added Pin To Net: NetName=+5V Pin=U4-8
Added Pin To Net: NetName=NetJ5_1 Pin=J5-1
Added Pin To Net: NetName=NetJ5_1 Pin=S4-3
Added Net: Name=NetJ5_1
Added Member To Class: ClassName=DriveMoteur Member=Component C31 100 µF
Add Class Member: Failed to add class member : Component H1 CABLE JST
Added Member To Class: ClassName=FrontDoorConnecteur Member=Component J12 CONN JST 4P 2.54MM
Add Class Member: Failed to add class member : Component S1 Dip Switch 3P
Add Class Member: Failed to add class member : Component S2 Dip Switch 3P
Added Member To Class: ClassName=Alimentation Member=Component S4 450405020524
Added Member To Class: ClassName=3DSensor, Magnet Member=Component U1 LSM6DSMTR
Added Member To Class: ClassName=3DSensor, Magnet Member=Component U2 LIS3MDLTR
Added Member To Class: ClassName=DriveMoteur Member=Component U4 DRV8837CDSGT
