Replace Part D? 1N4007FLTR in F:\Work or school\Projet Adams\SecurityDoor\Libraries\ADAM LIBRARY.SCHLIB with 1N4007FLTR from ADAM LIBRARY.SCHLIB
Replace Part J? 12P FOOTPRINT in F:\Work or school\Projet Adams\SecurityDoor\Libraries\ADAM LIBRARY.SCHLIB with 12P FOOTPRINT from ADAM LIBRARY.SCHLIB
Replace Part J? 12PO FEM HEADER in F:\Work or school\Projet Adams\SecurityDoor\Libraries\ADAM LIBRARY.SCHLIB with 12PO FEM HEADER from ADAM LIBRARY.SCHLIB
Replace Part D? 0603 BLUE LED in F:\Work or school\Projet Adams\SecurityDoor\Libraries\ADAM LIBRARY.SCHLIB with 0603 BLUE LED from ADAM LIBRARY.SCHLIB
Replace Part D? 0603 GREEN LED in F:\Work or school\Projet Adams\SecurityDoor\Libraries\ADAM LIBRARY.SCHLIB with 0603 GREEN LED from ADAM LIBRARY.SCHLIB
Replace Part D? 0603 RED LED in F:\Work or school\Projet Adams\SecurityDoor\Libraries\ADAM LIBRARY.SCHLIB with 0603 RED LED from ADAM LIBRARY.SCHLIB
Replace Part D? 0603 YELLOW LED in F:\Work or school\Projet Adams\SecurityDoor\Libraries\ADAM LIBRARY.SCHLIB with 0603 YELLOW LED from ADAM LIBRARY.SCHLIB
Replace Part R? 0603 10K 1% 1/4W TC in F:\Work or school\Projet Adams\SecurityDoor\Libraries\ADAM LIBRARY.SCHLIB with 0603 10K 1% 1/4W TC from ADAM LIBRARY.SCHLIB
Replace Part R? 0603 100K 1% 1/4W in F:\Work or school\Projet Adams\SecurityDoor\Libraries\ADAM LIBRARY.SCHLIB with 0603 100K 1% 1/4W from ADAM LIBRARY.SCHLIB
Replace Part S? AB11AH-HC in F:\Work or school\Projet Adams\SecurityDoor\Libraries\ADAM LIBRARY.SCHLIB with AB11AH-HC from ADAM LIBRARY.SCHLIB
Replace Part U? AP63205 in F:\Work or school\Projet Adams\SecurityDoor\Libraries\ADAM LIBRARY.SCHLIB with AP63205 from ADAM LIBRARY.SCHLIB
Replace Part H? CABLE JST 4POS NOFP in F:\Work or school\Projet Adams\SecurityDoor\Libraries\ADAM LIBRARY.SCHLIB with CABLE JST 4POS NOFP from ADAM LIBRARY.SCHLIB
Replace Part H? CABLE JST 10POS NOFP in F:\Work or school\Projet Adams\SecurityDoor\Libraries\ADAM LIBRARY.SCHLIB with CABLE JST 10POS NOFP from ADAM LIBRARY.SCHLIB
Replace Part C?? CAP 10UF 6.3V in F:\Work or school\Projet Adams\SecurityDoor\Libraries\ADAM LIBRARY.SCHLIB with CAP 10UF 6.3V from ADAM LIBRARY.SCHLIB
Replace Part C? CAP ALUM 4.7UF 20% 35V in F:\Work or school\Projet Adams\SecurityDoor\Libraries\ADAM LIBRARY.SCHLIB with CAP ALUM 4.7UF 20% 35V from ADAM LIBRARY.SCHLIB
Replace Part C? CAP ALUM 10UF 20% 16V SMD in F:\Work or school\Projet Adams\SecurityDoor\Libraries\ADAM LIBRARY.SCHLIB with CAP ALUM 10UF 20% 16V SMD from ADAM LIBRARY.SCHLIB
Replace Part C? CAP ALUM 100UF 20% 50V SMD in F:\Work or school\Projet Adams\SecurityDoor\Libraries\ADAM LIBRARY.SCHLIB with CAP ALUM 100UF 20% 50V SMD from ADAM LIBRARY.SCHLIB
Replace Part C? CAP CER 0.1UF 50V X7R 0603 in F:\Work or school\Projet Adams\SecurityDoor\Libraries\ADAM LIBRARY.SCHLIB with CAP CER 0.1UF 50V X7R 0603 from ADAM LIBRARY.SCHLIB
Replace Part C? CAP CER 1UF 16V X7R 0603 in F:\Work or school\Projet Adams\SecurityDoor\Libraries\ADAM LIBRARY.SCHLIB with CAP CER 1UF 16V X7R 0603 from ADAM LIBRARY.SCHLIB
Replace Part C? CAP CER 4.7UF 25V X5R 0603 in F:\Work or school\Projet Adams\SecurityDoor\Libraries\ADAM LIBRARY.SCHLIB with CAP CER 4.7UF 25V X5R 0603 from ADAM LIBRARY.SCHLIB
Replace Part C? CAP CER 10UF 6.3V in F:\Work or school\Projet Adams\SecurityDoor\Libraries\ADAM LIBRARY.SCHLIB with CAP CER 10UF 6.3V from ADAM LIBRARY.SCHLIB
Replace Part C? CAP CER 22NF 15V 10% 0603 in F:\Work or school\Projet Adams\SecurityDoor\Libraries\ADAM LIBRARY.SCHLIB with CAP CER 22NF 15V 10% 0603 from ADAM LIBRARY.SCHLIB
Replace Part J? CONN FEM HEADER 2POS in F:\Work or school\Projet Adams\SecurityDoor\Libraries\ADAM LIBRARY.SCHLIB with CONN FEM HEADER 2POS from ADAM LIBRARY.SCHLIB
Replace Part J? CONN FEM HEADER 4POS in F:\Work or school\Projet Adams\SecurityDoor\Libraries\ADAM LIBRARY.SCHLIB with CONN FEM HEADER 4POS from ADAM LIBRARY.SCHLIB
Replace Part J? CONN JST 2PIN TH in F:\Work or school\Projet Adams\SecurityDoor\Libraries\ADAM LIBRARY.SCHLIB with CONN JST 2PIN TH from ADAM LIBRARY.SCHLIB
Replace Part J? CONN JST 2P SM 90DEG in F:\Work or school\Projet Adams\SecurityDoor\Libraries\ADAM LIBRARY.SCHLIB with CONN JST 2P SM 90DEG from ADAM LIBRARY.SCHLIB
Replace Part J? CONN JST 4P 2.54MM in F:\Work or school\Projet Adams\SecurityDoor\Libraries\ADAM LIBRARY.SCHLIB with CONN JST 4P 2.54MM from ADAM LIBRARY.SCHLIB
Replace Part H? CONN JST 4POS 2MM NOFP in F:\Work or school\Projet Adams\SecurityDoor\Libraries\ADAM LIBRARY.SCHLIB with CONN JST 4POS 2MM NOFP from ADAM LIBRARY.SCHLIB
Replace Part H? CONN JST 4POS NOFP in F:\Work or school\Projet Adams\SecurityDoor\Libraries\ADAM LIBRARY.SCHLIB with CONN JST 4POS NOFP from ADAM LIBRARY.SCHLIB
Replace Part J? CONN JST 4POS TH in F:\Work or school\Projet Adams\SecurityDoor\Libraries\ADAM LIBRARY.SCHLIB with CONN JST 4POS TH from ADAM LIBRARY.SCHLIB
Replace Part J? CONN JST 8POS SM in F:\Work or school\Projet Adams\SecurityDoor\Libraries\ADAM LIBRARY.SCHLIB with CONN JST 8POS SM from ADAM LIBRARY.SCHLIB
Replace Part J? CONN JST 10POS TH in F:\Work or school\Projet Adams\SecurityDoor\Libraries\ADAM LIBRARY.SCHLIB with CONN JST 10POS TH from ADAM LIBRARY.SCHLIB
Replace Part U? CP2104-F03-GMR in F:\Work or school\Projet Adams\SecurityDoor\Libraries\ADAM LIBRARY.SCHLIB with CP2104-F03-GMR from ADAM LIBRARY.SCHLIB
Replace Part S? Dip Switch 3P in F:\Work or school\Projet Adams\SecurityDoor\Libraries\ADAM LIBRARY.SCHLIB with Dip Switch 3P from ADAM LIBRARY.SCHLIB
Replace Part S? Dip Switch 4P in F:\Work or school\Projet Adams\SecurityDoor\Libraries\ADAM LIBRARY.SCHLIB with Dip Switch 4P from ADAM LIBRARY.SCHLIB
Replace Part U? DRV8837CDSGT in F:\Work or school\Projet Adams\SecurityDoor\Libraries\ADAM LIBRARY.SCHLIB with DRV8837CDSGT from ADAM LIBRARY.SCHLIB
Replace Part U? ESP32-WROOM-32 (8MB) in F:\Work or school\Projet Adams\SecurityDoor\Libraries\ADAM LIBRARY.SCHLIB with ESP32-WROOM-32 (8MB) from ADAM LIBRARY.SCHLIB
Replace Part F? Fuse 500mA in F:\Work or school\Projet Adams\SecurityDoor\Libraries\ADAM LIBRARY.SCHLIB with Fuse 500mA from ADAM LIBRARY.SCHLIB
Replace Part L? IND 4.7UH 4.6A in F:\Work or school\Projet Adams\SecurityDoor\Libraries\ADAM LIBRARY.SCHLIB with IND 4.7UH 4.6A from ADAM LIBRARY.SCHLIB
Replace Part U? ISD1760SY in F:\Work or school\Projet Adams\SecurityDoor\Libraries\ADAM LIBRARY.SCHLIB with ISD1760SY from ADAM LIBRARY.SCHLIB
Replace Part U? LD1117S33TR in F:\Work or school\Projet Adams\SecurityDoor\Libraries\ADAM LIBRARY.SCHLIB with LD1117S33TR from ADAM LIBRARY.SCHLIB
Replace Part U? LDO 5V 1.5A in F:\Work or school\Projet Adams\SecurityDoor\Libraries\ADAM LIBRARY.SCHLIB with LDO 5V 1.5A from ADAM LIBRARY.SCHLIB
Replace Part U? LF50CDT-TR in F:\Work or school\Projet Adams\SecurityDoor\Libraries\ADAM LIBRARY.SCHLIB with LF50CDT-TR from ADAM LIBRARY.SCHLIB
Replace Part U? LIS3MDLTR in F:\Work or school\Projet Adams\SecurityDoor\Libraries\ADAM LIBRARY.SCHLIB with LIS3MDLTR from ADAM LIBRARY.SCHLIB
Replace Part U? LSM6DSMTR in F:\Work or school\Projet Adams\SecurityDoor\Libraries\ADAM LIBRARY.SCHLIB with LSM6DSMTR from ADAM LIBRARY.SCHLIB
Replace Part U? MAX98357AEWL+T in F:\Work or school\Projet Adams\SecurityDoor\Libraries\ADAM LIBRARY.SCHLIB with MAX98357AEWL+T from ADAM LIBRARY.SCHLIB
Replace Part U? MCP73831T-2ACI/OT in F:\Work or school\Projet Adams\SecurityDoor\Libraries\ADAM LIBRARY.SCHLIB with MCP73831T-2ACI/OT from ADAM LIBRARY.SCHLIB
Replace Part U? MP28167GQ-P in F:\Work or school\Projet Adams\SecurityDoor\Libraries\ADAM LIBRARY.SCHLIB with MP28167GQ-P from ADAM LIBRARY.SCHLIB
Replace Part C? NA Cap 0603 in F:\Work or school\Projet Adams\SecurityDoor\Libraries\ADAM LIBRARY.SCHLIB with NA Cap 0603 from ADAM LIBRARY.SCHLIB
Replace Part R? NA Res 0603 in F:\Work or school\Projet Adams\SecurityDoor\Libraries\ADAM LIBRARY.SCHLIB with NA Res 0603 from ADAM LIBRARY.SCHLIB
Replace Part D? PMEG2010ER,115 in F:\Work or school\Projet Adams\SecurityDoor\Libraries\ADAM LIBRARY.SCHLIB with PMEG2010ER,115 from ADAM LIBRARY.SCHLIB
Replace Part U? REG LIN 3.3V in F:\Work or school\Projet Adams\SecurityDoor\Libraries\ADAM LIBRARY.SCHLIB with REG LIN 3.3V from ADAM LIBRARY.SCHLIB
Replace Part R? RES SMD 1.2K OHM in F:\Work or school\Projet Adams\SecurityDoor\Libraries\ADAM LIBRARY.SCHLIB with RES SMD 1.2K OHM from ADAM LIBRARY.SCHLIB
Replace Part R? RES SMD 1K OHM in F:\Work or school\Projet Adams\SecurityDoor\Libraries\ADAM LIBRARY.SCHLIB with RES SMD 1K OHM from ADAM LIBRARY.SCHLIB
Replace Part R? RES SMD 4.7K OHM in F:\Work or school\Projet Adams\SecurityDoor\Libraries\ADAM LIBRARY.SCHLIB with RES SMD 4.7K OHM from ADAM LIBRARY.SCHLIB
Replace Part R? RES SMD 10K OHM in F:\Work or school\Projet Adams\SecurityDoor\Libraries\ADAM LIBRARY.SCHLIB with RES SMD 10K OHM from ADAM LIBRARY.SCHLIB
Replace Part R? RES SMD 21.5K OHM in F:\Work or school\Projet Adams\SecurityDoor\Libraries\ADAM LIBRARY.SCHLIB with RES SMD 21.5K OHM from ADAM LIBRARY.SCHLIB
Replace Part R? RES SMD 22.1K OHM in F:\Work or school\Projet Adams\SecurityDoor\Libraries\ADAM LIBRARY.SCHLIB with RES SMD 22.1K OHM from ADAM LIBRARY.SCHLIB
Replace Part R? RES SMD 30 OHM in F:\Work or school\Projet Adams\SecurityDoor\Libraries\ADAM LIBRARY.SCHLIB with RES SMD 30 OHM from ADAM LIBRARY.SCHLIB
Replace Part R? RES SMD 47K OHM in F:\Work or school\Projet Adams\SecurityDoor\Libraries\ADAM LIBRARY.SCHLIB with RES SMD 47K OHM from ADAM LIBRARY.SCHLIB
Replace Part R? RES SMD 80.6K OHM in F:\Work or school\Projet Adams\SecurityDoor\Libraries\ADAM LIBRARY.SCHLIB with RES SMD 80.6K OHM from ADAM LIBRARY.SCHLIB
Replace Part R? RES SMD 100K OHM in F:\Work or school\Projet Adams\SecurityDoor\Libraries\ADAM LIBRARY.SCHLIB with RES SMD 100K OHM from ADAM LIBRARY.SCHLIB
Replace Part R? RES SMD 100 OHM in F:\Work or school\Projet Adams\SecurityDoor\Libraries\ADAM LIBRARY.SCHLIB with RES SMD 100 OHM from ADAM LIBRARY.SCHLIB
Replace Part R? RES SMD 150 OHM in F:\Work or school\Projet Adams\SecurityDoor\Libraries\ADAM LIBRARY.SCHLIB with RES SMD 150 OHM from ADAM LIBRARY.SCHLIB
Replace Part R? RES SMD 499K OHM in F:\Work or school\Projet Adams\SecurityDoor\Libraries\ADAM LIBRARY.SCHLIB with RES SMD 499K OHM from ADAM LIBRARY.SCHLIB
Replace Part J? SD CARD CONN in F:\Work or school\Projet Adams\SecurityDoor\Libraries\ADAM LIBRARY.SCHLIB with SD CARD CONN from ADAM LIBRARY.SCHLIB
Replace Part S? SLIDE SWIT in F:\Work or school\Projet Adams\SecurityDoor\Libraries\ADAM LIBRARY.SCHLIB with SLIDE SWIT from ADAM LIBRARY.SCHLIB
Replace Part S? Sw Lin in F:\Work or school\Projet Adams\SecurityDoor\Libraries\ADAM LIBRARY.SCHLIB with Sw Lin from ADAM LIBRARY.SCHLIB
Replace Part J? TERM BLK 2P SIDE ENT 2.54MM PCB in F:\Work or school\Projet Adams\SecurityDoor\Libraries\ADAM LIBRARY.SCHLIB with TERM BLK 2P SIDE ENT 2.54MM PCB from ADAM LIBRARY.SCHLIB
Replace Part J? TERM BLK 4P SIDE ENT 2.54MM PCB in F:\Work or school\Projet Adams\SecurityDoor\Libraries\ADAM LIBRARY.SCHLIB with TERM BLK 4P SIDE ENT 2.54MM PCB from ADAM LIBRARY.SCHLIB
Replace Part T? TEST POINTS in F:\Work or school\Projet Adams\SecurityDoor\Libraries\ADAM LIBRARY.SCHLIB with TEST POINTS from ADAM LIBRARY.SCHLIB
Replace Part Q? TRANS N-CHANNEL 30V 5.8A SOT23 in F:\Work or school\Projet Adams\SecurityDoor\Libraries\ADAM LIBRARY.SCHLIB with TRANS N-CHANNEL 30V 5.8A SOT23 from ADAM LIBRARY.SCHLIB
Replace Part Q? TRANS NPN 40V in F:\Work or school\Projet Adams\SecurityDoor\Libraries\ADAM LIBRARY.SCHLIB with TRANS NPN 40V from ADAM LIBRARY.SCHLIB
Replace Part D? TSAL6100 in F:\Work or school\Projet Adams\SecurityDoor\Libraries\ADAM LIBRARY.SCHLIB with TSAL6100 from ADAM LIBRARY.SCHLIB
Replace Part Q? TSOP38338 IR Sensor-Symbol-1 in F:\Work or school\Projet Adams\SecurityDoor\Libraries\ADAM LIBRARY.SCHLIB with TSOP38338 IR Sensor-Symbol-1 from ADAM LIBRARY.SCHLIB
Replace Part Q? TSSP4038IR Sensor in F:\Work or school\Projet Adams\SecurityDoor\Libraries\ADAM LIBRARY.SCHLIB with TSSP4038IR Sensor from ADAM LIBRARY.SCHLIB
Replace Part D? TVS Diode in F:\Work or school\Projet Adams\SecurityDoor\Libraries\ADAM LIBRARY.SCHLIB with TVS Diode from ADAM LIBRARY.SCHLIB
Replace Part D? TVS Diode 5.5V in F:\Work or school\Projet Adams\SecurityDoor\Libraries\ADAM LIBRARY.SCHLIB with TVS Diode 5.5V from ADAM LIBRARY.SCHLIB
Replace Part U? USB-UART CP2102N in F:\Work or school\Projet Adams\SecurityDoor\Libraries\ADAM LIBRARY.SCHLIB with USB-UART CP2102N from ADAM LIBRARY.SCHLIB
Replace Part J? USB C in F:\Work or school\Projet Adams\SecurityDoor\Libraries\ADAM LIBRARY.SCHLIB with USB C from ADAM LIBRARY.SCHLIB
Replace Part 1050170001 USB Micro in F:\Work or school\Projet Adams\SecurityDoor\Libraries\ADAM LIBRARY.SCHLIB with USB Micro from ADAM LIBRARY.SCHLIB
Replace Part J? USB MINI B in F:\Work or school\Projet Adams\SecurityDoor\Libraries\ADAM LIBRARY.SCHLIB with USB MINI B from ADAM LIBRARY.SCHLIB
Replace Part BZ? WST-1206BX-17 in F:\Work or school\Projet Adams\SecurityDoor\Libraries\ADAM LIBRARY.SCHLIB with WST-1206BX-17 from ADAM LIBRARY.SCHLIB
