Added Component: Designator=S1(DIPSWITCH SMD 3P)
Add component (AddParameter): Name = "ADAM Inventory Number 1"; Value = "E00009"; VariantName = "[No Variations]"
Add component (AddParameter): Name = "Component Type"; Value = "Switches"; VariantName = "[No Variations]"
Add component (AddParameter): Name = "Design Item ID"; Value = "Switch SLIDE SPDT 3 pos"; VariantName = "[No Variations]"
Add component (AddParameter): Name = "Manufacturer"; Value = "CUI"; VariantName = "[No Variations]"
Add component (AddParameter): Name = "Manufacturer Part Number 1"; Value = "DS04-254-2-03BK-SMT"; VariantName = "[No Variations]"
Add component (AddParameter): Name = "Source"; Value = "IC_Component.SchLib"; VariantName = "[No Variations]"
Add component (AddParameter): Name = "Supplier 1"; Value = "Mouser"; VariantName = "[No Variations]"
Add component (AddParameter): Name = "Supplier Part Number 1"; Value = "653-A6S-3102-H"; VariantName = "[No Variations]"
Added Component: Designator=S2(DIPSWITCH SMD 3P)
Add component (AddParameter): Name = "ADAM Inventory Number 1"; Value = "E00009"; VariantName = "[No Variations]"
Add component (AddParameter): Name = "Component Type"; Value = "Switches"; VariantName = "[No Variations]"
Add component (AddParameter): Name = "Design Item ID"; Value = "Switch SLIDE SPDT 3 pos"; VariantName = "[No Variations]"
Add component (AddParameter): Name = "Manufacturer"; Value = "CUI"; VariantName = "[No Variations]"
Add component (AddParameter): Name = "Manufacturer Part Number 1"; Value = "DS04-254-2-03BK-SMT"; VariantName = "[No Variations]"
Add component (AddParameter): Name = "Source"; Value = "IC_Component.SchLib"; VariantName = "[No Variations]"
Add component (AddParameter): Name = "Supplier 1"; Value = "Mouser"; VariantName = "[No Variations]"
Add component (AddParameter): Name = "Supplier Part Number 1"; Value = "653-A6S-3102-H"; VariantName = "[No Variations]"
Added Pin To Net: NetName=MOSI Pin=S1-2
Added Pin To Net: NetName=MISO Pin=S1-3
Added Pin To Net: NetName=MISO Pin=S1-4
Added Pin To Net: NetName=SDA Pin=S1-5
Added Pin To Net: NetName=NetD7_1 Pin=S2-1
Added Pin To Net: NetName=NetD8_1 Pin=S2-2
Added Pin To Net: NetName=NetD9_1 Pin=S2-3
Added Pin To Net: NetName=NetR19_1 Pin=S2-4
Added Pin To Net: NetName=NetR18_1 Pin=S2-5
Added Pin To Net: NetName=NetR17_1 Pin=S2-6
Add Class Member: Failed to add class member : Component H1 CABLE JST
Added Member To Class: ClassName=3DSensor, Magnet Member=Component S1 Dip Switch 3P
Added Member To Class: ClassName=Infrarouge R&T, LED SMD Member=Component S2 Dip Switch 3P
