Change Component Footprint: Designator=U4 Old Footprint=SON50P200X200X80-9N New Footprint=DRV8837CDSGT
Change Component Comment : Designator=Q1 Old Comment=TSOP38338 New Comment=TSSP4038
Change component parameters: Designator = "C23" ("C23"); Footprint = "CAP 0603"; UniqueID = "\KOGYVIOK" ("\KOGYVIOK")
Change component parameters (AddParameter): Name = "ADAM Inventory Number 1"; Value = "E00080"; VariantName = "[No Variations]"
Change component parameters: Designator = "C24" ("C24"); Footprint = "CAP 0603"; UniqueID = "\JOPANQHM" ("\JOPANQHM")
Change component parameters (AddParameter): Name = "ADAM Inventory Number 1"; Value = "E00080"; VariantName = "[No Variations]"
Change component parameters: Designator = "C25" ("C25"); Footprint = "CAP 0603"; UniqueID = "\FAWORKYC" ("\FAWORKYC")
Change component parameters (AddParameter): Name = "ADAM Inventory Number 1"; Value = "E00080"; VariantName = "[No Variations]"
Change component parameters: Designator = "J12" ("J12"); Footprint = "MOLEX KK 0022272041"; UniqueID = "\AHDEUJYO" ("\AHDEUJYO")
Change component parameters (AddParameter): Name = "ADAM Inventory Number 1"; Value = "E00077"; VariantName = "[No Variations]"
Change component parameters (AddParameter): Name = "Manufacturer Part Number 1"; Value = "0022272041"; VariantName = "[No Variations]"
Change component parameters (AddParameter): Name = "Supplier 1"; Value = "Mouser"; VariantName = "[No Variations]"
Change component parameters (AddParameter): Name = "Supplier Part Number 1"; Value = "538-22-27-2041"; VariantName = "[No Variations]"
Change component parameters: Designator = "Q1" ("Q1"); Footprint = "IR Receptor"; UniqueID = "\KCNYVPSF" ("\KCNYVPSF")
Change component parameters (AddParameter): Name = "ADAM Inventory Number 1"; Value = "E00079"; VariantName = "[No Variations]"
Change component parameters (AddParameter): Name = "Manufacturer Part Number 1"; Value = "TSSP4038"; VariantName = "[No Variations]"
Change component parameters (AddParameter): Name = "Supplier 1"; Value = "Digi-Key"; VariantName = "[No Variations]"
Change component parameters (AddParameter): Name = "Supplier Part Number 1"; Value = "TSSP4038-ND"; VariantName = "[No Variations]"
Added Member To Class: ClassName=Infrarouge R&T, LED SMD Member=Component D6 TSAL6100
Add Class Member: Failed to add class member : Component H1 CABLE JST 10POS
Add Class Member: Failed to add class member : Component H2 CABLE JST 4POS
Added Room: Name=3DSensor, Magnet
Added Room: Name=Alimentation
Added Room: Name=DriveMoteur
Added Room: Name=FrontDoorConnecteur
Added Room: Name=Infrarouge R&T, LED SMD
Added Room: Name=MCU
Added Room: Name=Top-Sheet
Added Room: Name=USB-UART
