Replace Part C15 CAP ALUM 100UF 20% 50V SMD in F:\Work or school\Projet Adams\SecurityDoor\Door\Altium\DPIAT202303_DOOR\Schematics\Alimentation.SchDoc with CAP ALUM 100UF 20% 50V SMD from ADAM LIBRARY.SCHLIB
Replace Part C17 CAP CER 22NF 15V 10% 0603 in F:\Work or school\Projet Adams\SecurityDoor\Door\Altium\DPIAT202303_DOOR\Schematics\Alimentation.SchDoc with CAP CER 22NF 15V 10% 0603 from ADAM LIBRARY.SCHLIB
Replace Part C19 CAP 10UF 6.3V in F:\Work or school\Projet Adams\SecurityDoor\Door\Altium\DPIAT202303_DOOR\Schematics\Alimentation.SchDoc with CAP 10UF 6.3V from ADAM LIBRARY.SCHLIB
Replace Part C20 CAP 10UF 6.3V in F:\Work or school\Projet Adams\SecurityDoor\Door\Altium\DPIAT202303_DOOR\Schematics\Alimentation.SchDoc with CAP 10UF 6.3V from ADAM LIBRARY.SCHLIB
Replace Part C22 CAP ALUM 100UF 20% 50V SMD in F:\Work or school\Projet Adams\SecurityDoor\Door\Altium\DPIAT202303_DOOR\Schematics\Alimentation.SchDoc with CAP ALUM 100UF 20% 50V SMD from ADAM LIBRARY.SCHLIB
Replace Part C23 NA Cap 0603 in F:\Work or school\Projet Adams\SecurityDoor\Door\Altium\DPIAT202303_DOOR\Schematics\Alimentation.SchDoc with NA Cap 0603 from ADAM LIBRARY.SCHLIB
Replace Part C24 NA Cap 0603 in F:\Work or school\Projet Adams\SecurityDoor\Door\Altium\DPIAT202303_DOOR\Schematics\Alimentation.SchDoc with NA Cap 0603 from ADAM LIBRARY.SCHLIB
Replace Part C25 NA Cap 0603 in F:\Work or school\Projet Adams\SecurityDoor\Door\Altium\DPIAT202303_DOOR\Schematics\Alimentation.SchDoc with NA Cap 0603 from ADAM LIBRARY.SCHLIB
Replace Part C26 CAP CER 1UF 16V X7R 0603 in F:\Work or school\Projet Adams\SecurityDoor\Door\Altium\DPIAT202303_DOOR\Schematics\Alimentation.SchDoc with CAP CER 1UF 16V X7R 0603 from ADAM LIBRARY.SCHLIB
Replace Part C27 CAP CER 22NF 15V 10% 0603 in F:\Work or school\Projet Adams\SecurityDoor\Door\Altium\DPIAT202303_DOOR\Schematics\Alimentation.SchDoc with CAP CER 22NF 15V 10% 0603 from ADAM LIBRARY.SCHLIB
Replace Part C28 CAP ALUM 100UF 20% 50V SMD in F:\Work or school\Projet Adams\SecurityDoor\Door\Altium\DPIAT202303_DOOR\Schematics\Alimentation.SchDoc with CAP ALUM 100UF 20% 50V SMD from ADAM LIBRARY.SCHLIB
Replace Part C29 CAP ALUM 100UF 20% 50V SMD in F:\Work or school\Projet Adams\SecurityDoor\Door\Altium\DPIAT202303_DOOR\Schematics\Alimentation.SchDoc with CAP ALUM 100UF 20% 50V SMD from ADAM LIBRARY.SCHLIB
Replace Part C30 CAP ALUM 100UF 20% 50V SMD in F:\Work or school\Projet Adams\SecurityDoor\Door\Altium\DPIAT202303_DOOR\Schematics\Alimentation.SchDoc with CAP ALUM 100UF 20% 50V SMD from ADAM LIBRARY.SCHLIB
Replace Part C31 CAP ALUM 100UF 20% 50V SMD in F:\Work or school\Projet Adams\SecurityDoor\Door\Altium\DPIAT202303_DOOR\Schematics\Alimentation.SchDoc with CAP ALUM 100UF 20% 50V SMD from ADAM LIBRARY.SCHLIB
Replace Part J5 CONN JST 2P SM 90DEG in F:\Work or school\Projet Adams\SecurityDoor\Door\Altium\DPIAT202303_DOOR\Schematics\Alimentation.SchDoc with CONN JST 2P SM 90DEG from ADAM LIBRARY.SCHLIB
Replace Part L1 IND 4.7UH 4.6A in F:\Work or school\Projet Adams\SecurityDoor\Door\Altium\DPIAT202303_DOOR\Schematics\Alimentation.SchDoc with IND 4.7UH 4.6A from ADAM LIBRARY.SCHLIB
Replace Part R13 RES SMD 499K OHM in F:\Work or school\Projet Adams\SecurityDoor\Door\Altium\DPIAT202303_DOOR\Schematics\Alimentation.SchDoc with RES SMD 499K OHM from ADAM LIBRARY.SCHLIB
Replace Part R14 RES SMD 21.5K OHM in F:\Work or school\Projet Adams\SecurityDoor\Door\Altium\DPIAT202303_DOOR\Schematics\Alimentation.SchDoc with RES SMD 21.5K OHM from ADAM LIBRARY.SCHLIB
Replace Part S2 SLIDE SWIT in F:\Work or school\Projet Adams\SecurityDoor\Door\Altium\DPIAT202303_DOOR\Schematics\Alimentation.SchDoc with SLIDE SWIT from ADAM LIBRARY.SCHLIB
Replace Part U5 MP28167GQ-P in F:\Work or school\Projet Adams\SecurityDoor\Door\Altium\DPIAT202303_DOOR\Schematics\Alimentation.SchDoc with MP28167GQ-P from ADAM LIBRARY.SCHLIB
Replace Part U6 LD1117S33TR in F:\Work or school\Projet Adams\SecurityDoor\Door\Altium\DPIAT202303_DOOR\Schematics\Alimentation.SchDoc with LD1117S33TR from ADAM LIBRARY.SCHLIB
Replace Part U7 LD1117S33TR in F:\Work or school\Projet Adams\SecurityDoor\Door\Altium\DPIAT202303_DOOR\Schematics\Alimentation.SchDoc with LD1117S33TR from ADAM LIBRARY.SCHLIB
