Replace Part C? CAP ALUM 100UF 20% 50V SMD in U:\Projet de fin de DEC\SecurityDoor\Door\Altium\DPIAT202303_DOOR\Schematics\Alimentation.SchDoc with CAP ALUM 100UF 20% 50V SMD from DPIAT202303_DOOR_v2.SCHLIB
Replace Part C? CAP ALUM 10UF 20% 16V SMD in U:\Projet de fin de DEC\SecurityDoor\Door\Altium\DPIAT202303_DOOR\Schematics\Alimentation.SchDoc with CAP ALUM 10UF 20% 16V SMD from DPIAT202303_DOOR_v2.SCHLIB
Replace Part C? CAP ALUM 100UF 20% 50V SMD in U:\Projet de fin de DEC\SecurityDoor\Door\Altium\DPIAT202303_DOOR\Schematics\Alimentation.SchDoc with CAP ALUM 100UF 20% 50V SMD from DPIAT202303_DOOR_v2.SCHLIB
Replace Part C? CAP ALUM 100UF 20% 50V SMD in U:\Projet de fin de DEC\SecurityDoor\Door\Altium\DPIAT202303_DOOR\Schematics\Alimentation.SchDoc with CAP ALUM 100UF 20% 50V SMD from DPIAT202303_DOOR_v2.SCHLIB
Replace Part C? CAP ALUM 10UF 20% 16V SMD in U:\Projet de fin de DEC\SecurityDoor\Door\Altium\DPIAT202303_DOOR\Schematics\Alimentation.SchDoc with CAP ALUM 10UF 20% 16V SMD from DPIAT202303_DOOR_v2.SCHLIB
Replace Part C? CAP CER 22NF 15V 10% 0603 in U:\Projet de fin de DEC\SecurityDoor\Door\Altium\DPIAT202303_DOOR\Schematics\Alimentation.SchDoc with CAP CER 22NF 15V 10% 0603 from DPIAT202303_DOOR_v2.SCHLIB
Replace Part C? CAP ALUM 10UF 20% 16V SMD in U:\Projet de fin de DEC\SecurityDoor\Door\Altium\DPIAT202303_DOOR\Schematics\Alimentation.SchDoc with CAP ALUM 10UF 20% 16V SMD from DPIAT202303_DOOR_v2.SCHLIB
Replace Part C? CAP CER 22NF 15V 10% 0603 in U:\Projet de fin de DEC\SecurityDoor\Door\Altium\DPIAT202303_DOOR\Schematics\Alimentation.SchDoc with CAP CER 22NF 15V 10% 0603 from DPIAT202303_DOOR_v2.SCHLIB
Replace Part C? CAP ALUM 100UF 20% 50V SMD in U:\Projet de fin de DEC\SecurityDoor\Door\Altium\DPIAT202303_DOOR\Schematics\Alimentation.SchDoc with CAP ALUM 100UF 20% 50V SMD from DPIAT202303_DOOR_v2.SCHLIB
Replace Part C? Polarised Capacitor in U:\Projet de fin de DEC\SecurityDoor\Door\Altium\DPIAT202303_DOOR\Schematics\Alimentation.SchDoc with Polarised Capacitor from Celestial Altium Library - altium_library.DbLib
Replace Part C? CAP CER 0.1UF 50V X7R 0603 in U:\Projet de fin de DEC\SecurityDoor\Door\Altium\DPIAT202303_DOOR\Schematics\Alimentation.SchDoc with CAP CER 0.1UF 50V X7R 0603 from DPIAT202303_DOOR_v2.SCHLIB
Replace Part C? CAP ALUM 100UF 20% 50V SMD in U:\Projet de fin de DEC\SecurityDoor\Door\Altium\DPIAT202303_DOOR\Schematics\Alimentation.SchDoc with CAP ALUM 100UF 20% 50V SMD from DPIAT202303_DOOR_v2.SCHLIB
Replace Part C? CAP CER 0.1UF 50V X7R 0603 in U:\Projet de fin de DEC\SecurityDoor\Door\Altium\DPIAT202303_DOOR\Schematics\Alimentation.SchDoc with CAP CER 0.1UF 50V X7R 0603 from DPIAT202303_DOOR_v2.SCHLIB
Replace Part C? CAP CER 1UF 16V X7R 0603 in U:\Projet de fin de DEC\SecurityDoor\Door\Altium\DPIAT202303_DOOR\Schematics\Alimentation.SchDoc with CAP CER 1UF 16V X7R 0603 from DPIAT202303_DOOR_v2.SCHLIB
Replace Part L? IND 4.7UH 4.6A in U:\Projet de fin de DEC\SecurityDoor\Door\Altium\DPIAT202303_DOOR\Schematics\Alimentation.SchDoc with IND 4.7UH 4.6A from DPIAT202303_DOOR_v2.SCHLIB
Replace Part R? RES SMD 21.5K OHM 0.1% 1/5W in U:\Projet de fin de DEC\SecurityDoor\Door\Altium\DPIAT202303_DOOR\Schematics\Alimentation.SchDoc with RES SMD 21.5K OHM 0.1% 1/5W from DPIAT202303_DOOR_v2.SCHLIB
Replace Part R? RES SMD 499K OHM 1% 1/4W in U:\Projet de fin de DEC\SecurityDoor\Door\Altium\DPIAT202303_DOOR\Schematics\Alimentation.SchDoc with RES SMD 499K OHM 1% 1/4W from DPIAT202303_DOOR_v2.SCHLIB
Replace Part U? LD1117S33TR in U:\Projet de fin de DEC\SecurityDoor\Door\Altium\DPIAT202303_DOOR\Schematics\Alimentation.SchDoc with LD1117S33TR from DPIAT202303_DOOR_v2.SCHLIB
Replace Part U? LD1117S33TR in U:\Projet de fin de DEC\SecurityDoor\Door\Altium\DPIAT202303_DOOR\Schematics\Alimentation.SchDoc with LD1117S33TR from DPIAT202303_DOOR_v2.SCHLIB
Replace Part U? MP28167GQ-P in U:\Projet de fin de DEC\SecurityDoor\Door\Altium\DPIAT202303_DOOR\Schematics\Alimentation.SchDoc with MP28167GQ-P from DPIAT202303_DOOR_v2.SCHLIB
