Replace Part C13 CAP CER 0.1UF 50V X7R 0603 in F:\Work or school\Projet Adams\SecurityDoor\Door\Altium\DPIAT202303_DOOR\Schematics\Alimentation.SchDoc with CAP CER 0.1UF 50V X7R 0603 from ADAM LIBRARY.SCHLIB
Replace Part C14 CAP ALUM 100UF 20% 50V SMD in F:\Work or school\Projet Adams\SecurityDoor\Door\Altium\DPIAT202303_DOOR\Schematics\Alimentation.SchDoc with CAP ALUM 100UF 20% 50V SMD from ADAM LIBRARY.SCHLIB
Replace Part C15 Polarised Capacitor in F:\Work or school\Projet Adams\SecurityDoor\Door\Altium\DPIAT202303_DOOR\Schematics\Alimentation.SchDoc with Polarised Capacitor from Celestial Altium Library - altium_library.DbLib
Replace Part C16 CAP CER 22NF 15V 10% 0603 in F:\Work or school\Projet Adams\SecurityDoor\Door\Altium\DPIAT202303_DOOR\Schematics\Alimentation.SchDoc with CAP CER 22NF 15V 10% 0603 from ADAM LIBRARY.SCHLIB
Replace Part C17 CAP CER 0.1UF 50V X7R 0603 in F:\Work or school\Projet Adams\SecurityDoor\Door\Altium\DPIAT202303_DOOR\Schematics\Alimentation.SchDoc with CAP CER 0.1UF 50V X7R 0603 from ADAM LIBRARY.SCHLIB
Replace Part C18 CAP ALUM 10UF 20% 16V SMD in F:\Work or school\Projet Adams\SecurityDoor\Door\Altium\DPIAT202303_DOOR\Schematics\Alimentation.SchDoc with CAP ALUM 10UF 20% 16V SMD from ADAM LIBRARY.SCHLIB
Replace Part C19 CAP ALUM 10UF 20% 16V SMD in F:\Work or school\Projet Adams\SecurityDoor\Door\Altium\DPIAT202303_DOOR\Schematics\Alimentation.SchDoc with CAP ALUM 10UF 20% 16V SMD from ADAM LIBRARY.SCHLIB
Replace Part C20 CAP ALUM 10UF 20% 16V SMD in F:\Work or school\Projet Adams\SecurityDoor\Door\Altium\DPIAT202303_DOOR\Schematics\Alimentation.SchDoc with CAP ALUM 10UF 20% 16V SMD from ADAM LIBRARY.SCHLIB
Replace Part C21 CAP CER 1UF 16V X7R 0603 in F:\Work or school\Projet Adams\SecurityDoor\Door\Altium\DPIAT202303_DOOR\Schematics\Alimentation.SchDoc with CAP CER 1UF 16V X7R 0603 from ADAM LIBRARY.SCHLIB
Replace Part C22 CAP CER 22NF 15V 10% 0603 in F:\Work or school\Projet Adams\SecurityDoor\Door\Altium\DPIAT202303_DOOR\Schematics\Alimentation.SchDoc with CAP CER 22NF 15V 10% 0603 from ADAM LIBRARY.SCHLIB
Replace Part C23 CAP ALUM 100UF 20% 50V SMD in F:\Work or school\Projet Adams\SecurityDoor\Door\Altium\DPIAT202303_DOOR\Schematics\Alimentation.SchDoc with CAP ALUM 100UF 20% 50V SMD from ADAM LIBRARY.SCHLIB
Replace Part C24 CAP ALUM 100UF 20% 50V SMD in F:\Work or school\Projet Adams\SecurityDoor\Door\Altium\DPIAT202303_DOOR\Schematics\Alimentation.SchDoc with CAP ALUM 100UF 20% 50V SMD from ADAM LIBRARY.SCHLIB
Replace Part C25 CAP ALUM 100UF 20% 50V SMD in F:\Work or school\Projet Adams\SecurityDoor\Door\Altium\DPIAT202303_DOOR\Schematics\Alimentation.SchDoc with CAP ALUM 100UF 20% 50V SMD from ADAM LIBRARY.SCHLIB
Replace Part C26 CAP ALUM 100UF 20% 50V SMD in F:\Work or school\Projet Adams\SecurityDoor\Door\Altium\DPIAT202303_DOOR\Schematics\Alimentation.SchDoc with CAP ALUM 100UF 20% 50V SMD from ADAM LIBRARY.SCHLIB
Replace Part J5 CONN JST 2P SM 90DEG in F:\Work or school\Projet Adams\SecurityDoor\Door\Altium\DPIAT202303_DOOR\Schematics\Alimentation.SchDoc with CONN JST 2P SM 90DEG from ADAM LIBRARY.SCHLIB
Replace Part L1 IND 4.7UH 4.6A in F:\Work or school\Projet Adams\SecurityDoor\Door\Altium\DPIAT202303_DOOR\Schematics\Alimentation.SchDoc with IND 4.7UH 4.6A from ADAM LIBRARY.SCHLIB
Replace Part R13 RES SMD 499K OHM in F:\Work or school\Projet Adams\SecurityDoor\Door\Altium\DPIAT202303_DOOR\Schematics\Alimentation.SchDoc with RES SMD 499K OHM from ADAM LIBRARY.SCHLIB
Replace Part R14 RES SMD 21.5K OHM in F:\Work or school\Projet Adams\SecurityDoor\Door\Altium\DPIAT202303_DOOR\Schematics\Alimentation.SchDoc with RES SMD 21.5K OHM from ADAM LIBRARY.SCHLIB
Replace Part U5 MP28167GQ-P in F:\Work or school\Projet Adams\SecurityDoor\Door\Altium\DPIAT202303_DOOR\Schematics\Alimentation.SchDoc with MP28167GQ-P from ADAM LIBRARY.SCHLIB
Replace Part U6 LD1117S33TR in F:\Work or school\Projet Adams\SecurityDoor\Door\Altium\DPIAT202303_DOOR\Schematics\Alimentation.SchDoc with LD1117S33TR from ADAM LIBRARY.SCHLIB
Replace Part U7 LD1117S33TR in F:\Work or school\Projet Adams\SecurityDoor\Door\Altium\DPIAT202303_DOOR\Schematics\Alimentation.SchDoc with LD1117S33TR from ADAM LIBRARY.SCHLIB
