Added Parameter ADAM Inventory Number 1=E00005 to Part J?
Added Parameter ADAM Inventory Number 1=E00008 to Part Q?
Added Parameter ADAM Inventory Number 1=E00009 to Part S?
Added Parameter ADAM Inventory Number 1=E00032 to Part R?
Added Parameter ADAM Inventory Number 1=E00036 to Part U?
Added Parameter ADAM Inventory Number 1=E00037 to Part U?
Added Parameter ADAM Inventory Number 1=E00039 to Part U?
Added Parameter ADAM Inventory Number 1=E00044 to Part U?
Added Parameter ADAM Inventory Number 1=E00045 to Part U?
Added Parameter ADAM Inventory Number 1=E00046 to Part S?
Added Parameter ADAM Inventory Number 1=E to Implementation PCBLIB SW_DS04-254-2-03BK-SMT
Added Parameter ADAM Inventory Number 1=E to Implementation PCBLIB Dip Switch SMD
Added Parameter ADAM Inventory Number 1=E to Implementation PCBLIB SON50P200X200X80-9N
Added Parameter ADAM Inventory Number 1=E to Implementation PCBLIB IC38_ESP32-WROOM-32 (8MB)_EXP
Added Parameter ADAM Inventory Number 1=E to Implementation PCBLIB LDO 5V 1.5A
Added Parameter ADAM Inventory Number 1=E to Implementation PCBLIB XDCR_LIS3MDLTR
Added Parameter ADAM Inventory Number 1=E to Implementation PCBLIB PQFN50P300X250X86-14N
Added Parameter ADAM Inventory Number 1=E to Implementation PCBLIB RES 0603_1608
Added Parameter ADAM Inventory Number 1=E to Implementation PCBLIB N CHANNEL 30V 5.8A
Added Parameter ADAM Inventory Number 1=E to Implementation PCBLIB GCT_USB4105-GF-A
Added Parameter ADAM Inventory Number 1= to Library 
