Change Value of Parameter ADAM Inventory Number 1 in Part J? Old=E00001 New=E00067
Change Value of Parameter ADAM Inventory Number 1 in Implementation PCBLIB CONN 12PIN FEMALE Old=E##### New=E
Change Value of Parameter ADAM Inventory Number 1 in Part D? Old=E00002 New=E00071
Change Value of Parameter ADAM Inventory Number 1 in Implementation PCBLIB Blue LED 0603 Old=E##### New=E
Change Value of Parameter ADAM Inventory Number 1 in Part D? Old=E00003 New=E00070
Change Value of Parameter ADAM Inventory Number 1 in Implementation PCBLIB Green LED 0603 Old=E##### New=E
Change Value of Parameter ADAM Inventory Number 1 in Part D? Old=E00004 New=E00069
Change Value of Parameter ADAM Inventory Number 1 in Implementation PCBLIB Red Led 0603 Old=E##### New=E
Change Value of Parameter ADAM Inventory Number 1 in Part D? Old=E00005 New=E00068
Change Value of Parameter ADAM Inventory Number 1 in Implementation PCBLIB YELLOW LED 0603 - duplicate Old=E##### New=E
Change Value of Parameter ADAM Inventory Number 1 in Part R? Old=E00006 New=E00072
Change Value of Parameter ADAM Inventory Number 1 in Implementation PCBLIB RES 0603 Old=E##### New=E
Change Value of Parameter ADAM Inventory Number 1 in Part R? Old=E00007 New=E00073
Change Value of Parameter ADAM Inventory Number 1 in Implementation PCBLIB RES 0603 Old=E##### New=E
Change Value of Parameter ADAM Inventory Number 1 in Part S? Old=E##### New=E00066
Change Value of Parameter ADAM Inventory Number 1 in Implementation PCBLIB BUTTON AB11AH-HC Old=E##### New=E
Change Value of Parameter ADAM Inventory Number 1 in Part U? Old=E##### New=E00065
Change Value of Parameter ADAM Inventory Number 1 in Implementation PCBLIB AP63205 Old=E##### New=E
Change Value of Parameter ADAM Inventory Number 1 in Part C?? Old=E##### New=E00064
Change Value of Parameter ADAM Inventory Number 1 in Implementation PCBLIB CAP 0603 Old=E##### New=E
Change Value of Parameter ADAM Inventory Number 1 in Part C? Old=E##### New=E00061
Change Value of Parameter ADAM Inventory Number 1 in Implementation PCBLIB CAP ALUM 4.3MM2 Old=E##### New=E
Change Value of Parameter ADAM Inventory Number 1 in Part C? Old=E##### New=E00062
Change Value of Parameter ADAM Inventory Number 1 in Implementation PCBLIB CAP ALUM 4.3MM2 Old=E##### New=E
Change Value of Parameter ADAM Inventory Number 1 in Part C? Old=E##### New=E00063
Change Value of Parameter ADAM Inventory Number 1 in Implementation PCBLIB CAP ALSMD ELEC 8.3MM H10.5MM Old=E##### New=E
Change Value of Parameter ADAM Inventory Number 1 in Part C? Old=E##### New=E00060
Change Value of Parameter ADAM Inventory Number 1 in Implementation PCBLIB CAP 0603 Old=E##### New=E
Change Value of Parameter ADAM Inventory Number 1 in Part C? Old=E##### New=E00058
Change Value of Parameter ADAM Inventory Number 1 in Implementation PCBLIB CAP 0603 Old=E##### New=E
Change Value of Parameter ADAM Inventory Number 1 in Part C? Old=E##### New=E00056
Change Value of Parameter ADAM Inventory Number 1 in Implementation PCBLIB CAP 0603 Old=E##### New=E
Change Value of Parameter ADAM Inventory Number 1 in Part C? Old=E##### New=E00059
Change Value of Parameter ADAM Inventory Number 1 in Implementation PCBLIB CAP 0603 Old=E##### New=E
Change Value of Parameter ADAM Inventory Number 1 in Part C? Old=E##### New=E00057
Change Value of Parameter ADAM Inventory Number 1 in Implementation PCBLIB CAP 0603 Old=E##### New=E
Change Value of Parameter ADAM Inventory Number 1 in Part J? Old=E##### New=E00055
Change Value of Parameter ADAM Inventory Number 1 in Implementation PCBLIB CONN FEM HEADER 2PIN Old=E##### New=E
Change Value of Parameter ADAM Inventory Number 1 in Part J? Old=E##### New=E00054
Change Value of Parameter ADAM Inventory Number 1 in Implementation PCBLIB CONN FEM HEADER 4PIN Old=E##### New=E
Change Value of Parameter ADAM Inventory Number 1 in Part J? Old=E##### New=E00051
Change Value of Parameter ADAM Inventory Number 1 in Implementation PCBLIB CONN JST 2PIN Old=E##### New=E
Change Value of Parameter ADAM Inventory Number 1 in Part J? Old=E##### New=E00052
Change Value of Parameter ADAM Inventory Number 1 in Implementation PCBLIB S2B-PH-SM4-TB_LF__SN Old=E##### New=E
Change Value of Parameter ADAM Inventory Number 1 in Part J? Old=E##### New=E00050
Change Value of Parameter ADAM Inventory Number 1 in Implementation PCBLIB CONN JST 4PIN Old=E##### New=E
Change Value of Parameter ADAM Inventory Number 1 in Part J? Old=E##### New=E00049
Change Value of Parameter ADAM Inventory Number 1 in Implementation PCBLIB JST BM08B-SRSS Old=E##### New=E
Change Value of Parameter ADAM Inventory Number 1 in Part J? Old=E##### New=E00053
Change Value of Parameter ADAM Inventory Number 1 in Implementation PCBLIB CONN JST 10PIN Old=E##### New=E
Change Value of Parameter ADAM Inventory Number 1 in Part U? Old=E##### New=E00048
Change Value of Parameter ADAM Inventory Number 1 in Implementation PCBLIB QFN_F03-GMR_SIL-M Old=E##### New=E
Change Value of Parameter ADAM Inventory Number 1 in Part S? Old=E##### New=E00047
Change Value of Parameter ADAM Inventory Number 1 in Implementation PCBLIB DIPSWITCH SMD 3P Old=E##### New=E
Change Value of Parameter ADAM Inventory Number 1 in Part S? Old=E##### New=E00046
Change Value of Parameter ADAM Inventory Number 1 in Implementation PCBLIB DIP SWITCH 4POS SMD Old=E##### New=E
Change Value of Parameter ADAM Inventory Number 1 in Part U? Old=E##### New=E00045
Change Value of Parameter ADAM Inventory Number 1 in Implementation PCBLIB DRV8837CDSGT Old=E##### New=E
Change Value of Parameter ADAM Inventory Number 1 in Part U? Old=E##### New=E00044
Change Value of Parameter ADAM Inventory Number 1 in Implementation PCBLIB ESP32-WROOM-32D Old=E##### New=E
Change Value of Parameter ADAM Inventory Number 1 in Part F? Old=E##### New=E00043
Change Value of Parameter ADAM Inventory Number 1 in Implementation PCBLIB Fuse 500mA 0.6mm Old=E##### New=E
Change Value of Parameter ADAM Inventory Number 1 in Part L? Old=E##### New=E00042
Change Value of Parameter ADAM Inventory Number 1 in Implementation PCBLIB IND 4.7UH 4.6A Old=E##### New=E
Change Value of Parameter ADAM Inventory Number 1 in Part U? Old=E##### New=E00041
Change Value of Parameter ADAM Inventory Number 1 in Implementation PCBLIB ISD1760SY Old=E##### New=E
Change Value of Parameter ADAM Inventory Number 1 in Part U? Old=E##### New=E00040
Change Value of Parameter ADAM Inventory Number 1 in Implementation PCBLIB SOT-223 Old=E##### New=E
Change Value of Parameter ADAM Inventory Number 1 in Part U? Old=E##### New=E00039
Change Value of Parameter ADAM Inventory Number 1 in Implementation PCBLIB LDO 5V Old=E##### New=E
Change Value of Parameter ADAM Inventory Number 1 in Part U? Old=E##### New=E00038
Change Value of Parameter ADAM Inventory Number 1 in Implementation PCBLIB LDO 5V Old=E##### New=E
Change Value of Parameter ADAM Inventory Number 1 in Part U? Old=E##### New=E00037
Change Value of Parameter ADAM Inventory Number 1 in Implementation PCBLIB LIS3MDLTR Old=E##### New=E
Change Value of Parameter ADAM Inventory Number 1 in Part U? Old=E##### New=E00036
Change Value of Parameter ADAM Inventory Number 1 in Implementation PCBLIB LSM6DSMTR Old=E##### New=E
Change Value of Parameter ADAM Inventory Number 1 in Implementation PCBLIB 21-0896B_9_MXM Old=E##### New=E
Change Value of Parameter ADAM Inventory Number 1 in Part U? Old=E##### New=E00035
Change Value of Parameter ADAM Inventory Number 1 in Part U? Old=E##### New=E00034
Change Value of Parameter ADAM Inventory Number 1 in Implementation PCBLIB SOT23_MCP73831T-2ACI/OT_HNW Old=E##### New=E
Change Value of Parameter ADAM Inventory Number 1 in Part U? Old=E##### New=E00033
Change Value of Parameter ADAM Inventory Number 1 in Implementation PCBLIB MP2816GQ-P Old=E##### New=E
Change Value of Parameter ADAM Inventory Number 1 in Part R? Old=E##### New=E00032
Change Value of Parameter ADAM Inventory Number 1 in Implementation PCBLIB RES 0603 Old=E##### New=E
Change Value of Parameter ADAM Inventory Number 1 in Part D? Old=E##### New=E00031
Change Value of Parameter ADAM Inventory Number 1 in Implementation PCBLIB DIODE_PMEG2010ER,115_NEX Old=E##### New=E
Change Value of Parameter ADAM Inventory Number 1 in Part U? Old=E##### New=E00030
Change Value of Parameter ADAM Inventory Number 1 in Part R? Old=E##### New=E00028
Change Value of Parameter ADAM Inventory Number 1 in Implementation PCBLIB RES 0603 Old=E##### New=E
Change Value of Parameter ADAM Inventory Number 1 in Part R?? Old=E##### New=E00025
Change Value of Parameter ADAM Inventory Number 1 in Implementation PCBLIB RES 0603 Old=E##### New=E
Change Value of Parameter ADAM Inventory Number 1 in Part R? Old=E##### New=E00029
Change Value of Parameter ADAM Inventory Number 1 in Implementation PCBLIB RES 0603 Old=E##### New=E
Change Value of Parameter ADAM Inventory Number 1 in Part R? Old=E##### New=E00027
Change Value of Parameter ADAM Inventory Number 1 in Implementation PCBLIB RES 0603 Old=E##### New=E
Change Value of Parameter ADAM Inventory Number 1 in Part R? Old=E##### New=E00026
Change Value of Parameter ADAM Inventory Number 1 in Implementation PCBLIB RES 0603 Old=E##### New=E
Change Value of Parameter ADAM Inventory Number 1 in Part R? Old=E##### New=E00024
Change Value of Parameter ADAM Inventory Number 1 in Implementation PCBLIB RES 0603 Old=E##### New=E
Change Value of Parameter ADAM Inventory Number 1 in Part R? Old=E##### New=E00019
Change Value of Parameter ADAM Inventory Number 1 in Implementation PCBLIB RES 0603 Old=E##### New=E
Change Value of Parameter ADAM Inventory Number 1 in Part R? Old=E##### New=E00021
Change Value of Parameter ADAM Inventory Number 1 in Implementation PCBLIB RES 0603 Old=E##### New=E
Change Value of Parameter ADAM Inventory Number 1 in Part R? Old=E##### New=E00018
Change Value of Parameter ADAM Inventory Number 1 in Implementation PCBLIB RES 0603 Old=E##### New=E
Change Value of Parameter ADAM Inventory Number 1 in Part R? Old=E##### New=E00017
Change Value of Parameter ADAM Inventory Number 1 in Implementation PCBLIB RES 0603 Old=E##### New=E
Change Value of Parameter ADAM Inventory Number 1 in Part R?? Old=E##### New=E00015
Change Value of Parameter ADAM Inventory Number 1 in Implementation PCBLIB RES 0603 Old=E##### New=E
Change Value of Parameter ADAM Inventory Number 1 in Part R? Old=E##### New=E00022
Change Value of Parameter ADAM Inventory Number 1 in Implementation PCBLIB RES 0603 Old=E##### New=E
Change Value of Parameter ADAM Inventory Number 1 in Part R? Old=E##### New=E00023
Change Value of Parameter ADAM Inventory Number 1 in Implementation PCBLIB RES 0603 Old=E##### New=E
Change Value of Parameter ADAM Inventory Number 1 in Part R? Old=E##### New=E00020
Change Value of Parameter ADAM Inventory Number 1 in Implementation PCBLIB RES 0603 Old=E##### New=E
Change Value of Parameter ADAM Inventory Number 1 in Part R? Old=E##### New=E00016
Change Value of Parameter ADAM Inventory Number 1 in Implementation PCBLIB RES 0603 Old=E##### New=E
Change Value of Parameter ADAM Inventory Number 1 in Part J? Old=E##### New=E00014
Change Value of Parameter ADAM Inventory Number 1 in Implementation PCBLIB CONN9_020811_WRE Old=E##### New=E
Change Value of Parameter ADAM Inventory Number 1 in Part S? Old=E##### New=E00013
Change Value of Parameter ADAM Inventory Number 1 in Implementation PCBLIB SL 3Pos Switch Old=E##### New=E
Change Value of Parameter ADAM Inventory Number 1 in Part S? Old=E##### New=E00012
Change Value of Parameter ADAM Inventory Number 1 in Implementation PCBLIB Switch Lin SMD Old=E##### New=E
Change Value of Parameter ADAM Inventory Number 1 in Part J? Old=E##### New=E00011
Change Value of Parameter ADAM Inventory Number 1 in Implementation PCBLIB TERM BLOC 2P Old=E00018 New=E
Change Value of Parameter ADAM Inventory Number 1 in Part J? Old=E##### New=E00010
Change Value of Parameter ADAM Inventory Number 1 in Implementation PCBLIB TERM BLOC 4P Old=E00017 New=E
Change Value of Parameter ADAM Inventory Number 1 in Part T? Old=E##### New=E00009
Change Value of Parameter ADAM Inventory Number 1 in Implementation PCBLIB TEST POINTS Old=E00016 New=E
Change Value of Parameter ADAM Inventory Number 1 in Part Q? Old=E##### New=E00008
Change Value of Parameter ADAM Inventory Number 1 in Implementation PCBLIB N-CHANNEL TRANS Old=E00015 New=E
Change Value of Parameter ADAM Inventory Number 1 in Part Q? Old=E##### New=E00007
Change Value of Parameter ADAM Inventory Number 1 in Implementation PCBLIB SOT-723 Old=E00014 New=E
Change Value of Parameter ADAM Inventory Number 1 in Part D? Old=E##### New=E00006
Change Value of Parameter ADAM Inventory Number 1 in Implementation PCBLIB TVS 5.5 DIODE Old=E00013 New=E
Change Value of Parameter ADAM Inventory Number 1 in Part U? Old=E##### New=E00002
Change Value of Parameter ADAM Inventory Number 1 in Implementation PCBLIB CP2102N-USB-UART Old=E00009 New=E
Change Value of Parameter Adam Inventory Number 1 in Part J? Old=E##### New=E00005
Change Value of Parameter ADAM Inventory Number 1 in Implementation PCBLIB USB C HORIZONTAL Old=E00012 New=E
Change Value of Parameter ADAM Inventory Number 1 in Part 1050170001 Old=E##### New=E00004
Change Value of Parameter ADAM Inventory Number 1 in Implementation PCBLIB CONN_1050170001_MOL Old=E00011 New=E
Change Value of Parameter ADAM Inventory Number 1 in Part J? Old=E##### New=E00003
Change Value of Parameter ADAM Inventory Number 1 in Implementation PCBLIB USB B Horizontal Old=E00010 New=E
Change Value of Parameter ADAM Inventory Number 1 in Part BZ? Old=E##### New=E00001
Change Value of Parameter ADAM Inventory Number 1 in Implementation PCBLIB BUZZ WST-1206BX Old=E00008 New=E
