Replace Part J? 12PO FEM HEADER in U:\Projet de fin de DEC\SecurityDoor\Libraries\DPIAT202303_DOOR_v2.SCHLIB with 12PO FEM HEADER from DPIAT202303_DOOR_v2.SCHLIB
Replace Part D? 0603 BLUE LED in U:\Projet de fin de DEC\SecurityDoor\Libraries\DPIAT202303_DOOR_v2.SCHLIB with 0603 BLUE LED from DPIAT202303_DOOR_v2.SCHLIB
Replace Part D? 0603 GREEN LED in U:\Projet de fin de DEC\SecurityDoor\Libraries\DPIAT202303_DOOR_v2.SCHLIB with 0603 GREEN LED from DPIAT202303_DOOR_v2.SCHLIB
Replace Part D? 0603 RED LED in U:\Projet de fin de DEC\SecurityDoor\Libraries\DPIAT202303_DOOR_v2.SCHLIB with 0603 RED LED from DPIAT202303_DOOR_v2.SCHLIB
Replace Part D? 0603 YELLOW LED in U:\Projet de fin de DEC\SecurityDoor\Libraries\DPIAT202303_DOOR_v2.SCHLIB with 0603 YELLOW LED from DPIAT202303_DOOR_v2.SCHLIB
Replace Part R? 0603 10K 1% 1/4W TC in U:\Projet de fin de DEC\SecurityDoor\Libraries\DPIAT202303_DOOR_v2.SCHLIB with 0603 10K 1% 1/4W TC from DPIAT202303_DOOR_v2.SCHLIB
Replace Part R? 0603 100K 1% 1/4W in U:\Projet de fin de DEC\SecurityDoor\Libraries\DPIAT202303_DOOR_v2.SCHLIB with 0603 100K 1% 1/4W from DPIAT202303_DOOR_v2.SCHLIB
Replace Part S? AB11AH-HC in U:\Projet de fin de DEC\SecurityDoor\Libraries\DPIAT202303_DOOR_v2.SCHLIB with AB11AH-HC from DPIAT202303_DOOR_v2.SCHLIB
Replace Part U? AP63205 in U:\Projet de fin de DEC\SecurityDoor\Libraries\DPIAT202303_DOOR_v2.SCHLIB with AP63205 from DPIAT202303_DOOR_v2.SCHLIB
Replace Part C?? CAP 10UF 6.3V in U:\Projet de fin de DEC\SecurityDoor\Libraries\DPIAT202303_DOOR_v2.SCHLIB with CAP 10UF 6.3V from DPIAT202303_DOOR_v2.SCHLIB
Replace Part C? CAP ALUM 4.7UF 20% 35V in U:\Projet de fin de DEC\SecurityDoor\Libraries\DPIAT202303_DOOR_v2.SCHLIB with CAP ALUM 4.7UF 20% 35V from DPIAT202303_DOOR_v2.SCHLIB
Replace Part C? CAP ALUM 10UF 20% 16V SMD in U:\Projet de fin de DEC\SecurityDoor\Libraries\DPIAT202303_DOOR_v2.SCHLIB with CAP ALUM 10UF 20% 16V SMD from DPIAT202303_DOOR_v2.SCHLIB
Replace Part C? CAP ALUM 100UF 20% 50V SMD in U:\Projet de fin de DEC\SecurityDoor\Libraries\DPIAT202303_DOOR_v2.SCHLIB with CAP ALUM 100UF 20% 50V SMD from DPIAT202303_DOOR_v2.SCHLIB
Replace Part C? CAP CER 0.1UF 50V X7R 0603 in U:\Projet de fin de DEC\SecurityDoor\Libraries\DPIAT202303_DOOR_v2.SCHLIB with CAP CER 0.1UF 50V X7R 0603 from DPIAT202303_DOOR_v2.SCHLIB
Replace Part C? CAP CER 1UF 16V X7R 0603 in U:\Projet de fin de DEC\SecurityDoor\Libraries\DPIAT202303_DOOR_v2.SCHLIB with CAP CER 1UF 16V X7R 0603 from DPIAT202303_DOOR_v2.SCHLIB
Replace Part C? CAP CER 4.7UF 25V X5R 0603 in U:\Projet de fin de DEC\SecurityDoor\Libraries\DPIAT202303_DOOR_v2.SCHLIB with CAP CER 4.7UF 25V X5R 0603 from DPIAT202303_DOOR_v2.SCHLIB
Replace Part C? CAP CER 10UF 6.3V in U:\Projet de fin de DEC\SecurityDoor\Libraries\DPIAT202303_DOOR_v2.SCHLIB with CAP CER 10UF 6.3V from DPIAT202303_DOOR_v2.SCHLIB
Replace Part C? CAP CER 22NF 15V 10% 0603 in U:\Projet de fin de DEC\SecurityDoor\Libraries\DPIAT202303_DOOR_v2.SCHLIB with CAP CER 22NF 15V 10% 0603 from DPIAT202303_DOOR_v2.SCHLIB
Replace Part J? CONN FEM HEADER 2POS in U:\Projet de fin de DEC\SecurityDoor\Libraries\DPIAT202303_DOOR_v2.SCHLIB with CONN FEM HEADER 2POS from DPIAT202303_DOOR_v2.SCHLIB
Replace Part J? CONN FEM HEADER 4POS in U:\Projet de fin de DEC\SecurityDoor\Libraries\DPIAT202303_DOOR_v2.SCHLIB with CONN FEM HEADER 4POS from DPIAT202303_DOOR_v2.SCHLIB
Replace Part J? CONN JST 2PIN TH in U:\Projet de fin de DEC\SecurityDoor\Libraries\DPIAT202303_DOOR_v2.SCHLIB with CONN JST 2PIN TH from DPIAT202303_DOOR_v2.SCHLIB
Replace Part J? CONN JST 2P SM 90DEG in U:\Projet de fin de DEC\SecurityDoor\Libraries\DPIAT202303_DOOR_v2.SCHLIB with CONN JST 2P SM 90DEG from DPIAT202303_DOOR_v2.SCHLIB
Replace Part J? CONN JST 4POS TH in U:\Projet de fin de DEC\SecurityDoor\Libraries\DPIAT202303_DOOR_v2.SCHLIB with CONN JST 4POS TH from DPIAT202303_DOOR_v2.SCHLIB
Replace Part J? CONN JST 8POS SM in U:\Projet de fin de DEC\SecurityDoor\Libraries\DPIAT202303_DOOR_v2.SCHLIB with CONN JST 8POS SM from DPIAT202303_DOOR_v2.SCHLIB
Replace Part J? CONN JST 10POS TH in U:\Projet de fin de DEC\SecurityDoor\Libraries\DPIAT202303_DOOR_v2.SCHLIB with CONN JST 10POS TH from DPIAT202303_DOOR_v2.SCHLIB
Replace Part U? CP2104-F03-GMR in U:\Projet de fin de DEC\SecurityDoor\Libraries\DPIAT202303_DOOR_v2.SCHLIB with CP2104-F03-GMR from DPIAT202303_DOOR_v2.SCHLIB
Replace Part S? Dip Switch 3P in U:\Projet de fin de DEC\SecurityDoor\Libraries\DPIAT202303_DOOR_v2.SCHLIB with Dip Switch 3P from DPIAT_202303_DOOR.SCHLIB
Replace Part S? Dip Switch 4P in U:\Projet de fin de DEC\SecurityDoor\Libraries\DPIAT202303_DOOR_v2.SCHLIB with Dip Switch 4P from DPIAT_202303_DOOR.SCHLIB
Replace Part U? DRV8837CDSGT in U:\Projet de fin de DEC\SecurityDoor\Libraries\DPIAT202303_DOOR_v2.SCHLIB with DRV8837CDSGT from DPIAT_202303_DOOR.SCHLIB
Replace Part U? ESP32-WROOM-32 (8MB) in U:\Projet de fin de DEC\SecurityDoor\Libraries\DPIAT202303_DOOR_v2.SCHLIB with ESP32-WROOM-32 (8MB) from DPIAT_202303_DOOR.SCHLIB
Replace Part F? Fuse 500mA in U:\Projet de fin de DEC\SecurityDoor\Libraries\DPIAT202303_DOOR_v2.SCHLIB with Fuse 500mA from DPIAT202303_DOOR_v2.SCHLIB
Replace Part L? IND 4.7UH 4.6A in U:\Projet de fin de DEC\SecurityDoor\Libraries\DPIAT202303_DOOR_v2.SCHLIB with IND 4.7UH 4.6A from DPIAT202303_DOOR_v2.SCHLIB
Replace Part U? ISD1760SY in U:\Projet de fin de DEC\SecurityDoor\Libraries\DPIAT202303_DOOR_v2.SCHLIB with ISD1760SY from DPIAT202303_DOOR_v2.SCHLIB
Replace Part U? LD1117S33TR in U:\Projet de fin de DEC\SecurityDoor\Libraries\DPIAT202303_DOOR_v2.SCHLIB with LD1117S33TR from DPIAT202303_DOOR_v2.SCHLIB
Replace Part U? LDO 5V 1.5A in U:\Projet de fin de DEC\SecurityDoor\Libraries\DPIAT202303_DOOR_v2.SCHLIB with LDO 5V 1.5A from DPIAT_202303_DOOR.SCHLIB
Replace Part U? LF50CDT-TR in U:\Projet de fin de DEC\SecurityDoor\Libraries\DPIAT202303_DOOR_v2.SCHLIB with LF50CDT-TR from DPIAT202303_DOOR_v2.SCHLIB
Replace Part U? LIS3MDLTR in U:\Projet de fin de DEC\SecurityDoor\Libraries\DPIAT202303_DOOR_v2.SCHLIB with LIS3MDLTR from DPIAT_202303_DOOR.SCHLIB
Replace Part U? LSM6DSMTR in U:\Projet de fin de DEC\SecurityDoor\Libraries\DPIAT202303_DOOR_v2.SCHLIB with LSM6DSMTR from DPIAT_202303_DOOR.SCHLIB
Replace Part U? MAX98357AEWL+T in U:\Projet de fin de DEC\SecurityDoor\Libraries\DPIAT202303_DOOR_v2.SCHLIB with MAX98357AEWL+T from DPIAT202303_DOOR_v2.SCHLIB
Replace Part U? MCP73831T-2ACI/OT in U:\Projet de fin de DEC\SecurityDoor\Libraries\DPIAT202303_DOOR_v2.SCHLIB with MCP73831T-2ACI/OT from DPIAT202303_DOOR_v2.SCHLIB
Replace Part U? MP28167GQ-P in U:\Projet de fin de DEC\SecurityDoor\Libraries\DPIAT202303_DOOR_v2.SCHLIB with MP28167GQ-P from DPIAT202303_DOOR_v2.SCHLIB
Replace Part R? NA Res 0603 in U:\Projet de fin de DEC\SecurityDoor\Libraries\DPIAT202303_DOOR_v2.SCHLIB with NA Res 0603 from DPIAT_202303_DOOR.SCHLIB
Replace Part D? PMEG2010ER,115 in U:\Projet de fin de DEC\SecurityDoor\Libraries\DPIAT202303_DOOR_v2.SCHLIB with PMEG2010ER,115 from DPIAT202303_DOOR_v2.SCHLIB
Replace Part U? REG LIN 3.3V in U:\Projet de fin de DEC\SecurityDoor\Libraries\DPIAT202303_DOOR_v2.SCHLIB with REG LIN 3.3V from DPIAT202303_DOOR_v2.SCHLIB
Replace Part R? RES SMD 1.2K OHM in U:\Projet de fin de DEC\SecurityDoor\Libraries\DPIAT202303_DOOR_v2.SCHLIB with RES SMD 1.2K OHM from DPIAT202303_DOOR_v2.SCHLIB
Replace Part R? RES SMD 1K OHM in U:\Projet de fin de DEC\SecurityDoor\Libraries\DPIAT202303_DOOR_v2.SCHLIB with RES SMD 1K OHM from DPIAT202303_DOOR_v2.SCHLIB
Replace Part R? RES SMD 4.7K OHM in U:\Projet de fin de DEC\SecurityDoor\Libraries\DPIAT202303_DOOR_v2.SCHLIB with RES SMD 4.7K OHM from DPIAT202303_DOOR_v2.SCHLIB
Replace Part R? RES SMD 10K OHM in U:\Projet de fin de DEC\SecurityDoor\Libraries\DPIAT202303_DOOR_v2.SCHLIB with RES SMD 10K OHM from DPIAT202303_DOOR_v2.SCHLIB
Replace Part R? RES SMD 21.5K OHM in U:\Projet de fin de DEC\SecurityDoor\Libraries\DPIAT202303_DOOR_v2.SCHLIB with RES SMD 21.5K OHM from DPIAT202303_DOOR_v2.SCHLIB
Replace Part R? RES SMD 22.1K OHM in U:\Projet de fin de DEC\SecurityDoor\Libraries\DPIAT202303_DOOR_v2.SCHLIB with RES SMD 22.1K OHM from DPIAT202303_DOOR_v2.SCHLIB
Replace Part R? RES SMD 30 OHM in U:\Projet de fin de DEC\SecurityDoor\Libraries\DPIAT202303_DOOR_v2.SCHLIB with RES SMD 30 OHM from DPIAT202303_DOOR_v2.SCHLIB
Replace Part R? RES SMD 47K OHM in U:\Projet de fin de DEC\SecurityDoor\Libraries\DPIAT202303_DOOR_v2.SCHLIB with RES SMD 47K OHM from DPIAT202303_DOOR_v2.SCHLIB
Replace Part R?? RES SMD 80.6K OHM in U:\Projet de fin de DEC\SecurityDoor\Libraries\DPIAT202303_DOOR_v2.SCHLIB with RES SMD 80.6K OHM from DPIAT202303_DOOR_v2.SCHLIB
Replace Part R? RES SMD 100K OHM in U:\Projet de fin de DEC\SecurityDoor\Libraries\DPIAT202303_DOOR_v2.SCHLIB with RES SMD 100K OHM from DPIAT202303_DOOR_v2.SCHLIB
Replace Part R? RES SMD 100 OHM in U:\Projet de fin de DEC\SecurityDoor\Libraries\DPIAT202303_DOOR_v2.SCHLIB with RES SMD 100 OHM from DPIAT202303_DOOR_v2.SCHLIB
Replace Part R? RES SMD 150 OHM in U:\Projet de fin de DEC\SecurityDoor\Libraries\DPIAT202303_DOOR_v2.SCHLIB with RES SMD 150 OHM from DPIAT202303_DOOR_v2.SCHLIB
Replace Part R? RES SMD 499K OHM in U:\Projet de fin de DEC\SecurityDoor\Libraries\DPIAT202303_DOOR_v2.SCHLIB with RES SMD 499K OHM from DPIAT202303_DOOR_v2.SCHLIB
Replace Part J? SD CARD CONN in U:\Projet de fin de DEC\SecurityDoor\Libraries\DPIAT202303_DOOR_v2.SCHLIB with SD CARD CONN from DPIAT202303_DOOR_v2.SCHLIB
Replace Part S? SLIDE SWIT in U:\Projet de fin de DEC\SecurityDoor\Libraries\DPIAT202303_DOOR_v2.SCHLIB with SLIDE SWIT from DPIAT202303_DOOR_v2.SCHLIB
Replace Part S? Sw Lin in U:\Projet de fin de DEC\SecurityDoor\Libraries\DPIAT202303_DOOR_v2.SCHLIB with Sw Lin from DPIAT202303_DOOR_v2.SCHLIB
Replace Part J? TERM BLK 2P SIDE ENT 2.54MM PCB in U:\Projet de fin de DEC\SecurityDoor\Libraries\DPIAT202303_DOOR_v2.SCHLIB with TERM BLK 2P SIDE ENT 2.54MM PCB from DPIAT202303_DOOR_v2.SCHLIB
Replace Part J? TERM BLK 4P SIDE ENT 2.54MM PCB in U:\Projet de fin de DEC\SecurityDoor\Libraries\DPIAT202303_DOOR_v2.SCHLIB with TERM BLK 4P SIDE ENT 2.54MM PCB from DPIAT202303_DOOR_v2.SCHLIB
Replace Part T? TEST POINTS in U:\Projet de fin de DEC\SecurityDoor\Libraries\DPIAT202303_DOOR_v2.SCHLIB with TEST POINTS from DPIAT202303_DOOR_v2.SCHLIB
Replace Part Q? TRANS N-CHANNEL 30V 5.8A SOT23 in U:\Projet de fin de DEC\SecurityDoor\Libraries\DPIAT202303_DOOR_v2.SCHLIB with TRANS N-CHANNEL 30V 5.8A SOT23 from DPIAT_202303_DOOR.SCHLIB
Replace Part Q? TRANS NPN 40V in U:\Projet de fin de DEC\SecurityDoor\Libraries\DPIAT202303_DOOR_v2.SCHLIB with TRANS NPN 40V from DPIAT202303_DOOR_v2.SCHLIB
Replace Part D? TVS Diode 5.5V in U:\Projet de fin de DEC\SecurityDoor\Libraries\DPIAT202303_DOOR_v2.SCHLIB with TVS Diode 5.5V from DPIAT202303_DOOR_v2.SCHLIB
Replace Part U? USB-UART CP2102N in U:\Projet de fin de DEC\SecurityDoor\Libraries\DPIAT202303_DOOR_v2.SCHLIB with USB-UART CP2102N from DPIAT202303_DOOR_v2.SCHLIB
Replace Part J? USB C in U:\Projet de fin de DEC\SecurityDoor\Libraries\DPIAT202303_DOOR_v2.SCHLIB with USB C from DPIAT_202303_DOOR.SCHLIB
Replace Part 1050170001 USB Micro in U:\Projet de fin de DEC\SecurityDoor\Libraries\DPIAT202303_DOOR_v2.SCHLIB with USB Micro from DPIAT202303_DOOR_v2.SCHLIB
Replace Part J? USB MINI B in U:\Projet de fin de DEC\SecurityDoor\Libraries\DPIAT202303_DOOR_v2.SCHLIB with USB MINI B from DPIAT202303_DOOR_v2.SCHLIB
Replace Part BZ? WST-1206BX-17 in U:\Projet de fin de DEC\SecurityDoor\Libraries\DPIAT202303_DOOR_v2.SCHLIB with WST-1206BX-17 from DPIAT202303_DOOR_v2.SCHLIB
