Removed Parameter Manufacture Part Number 1:10033526-N3212LF from Part J?
Removed Parameter Manufacture Part Number 1:CRCW0603499KFKEAHP from Part R?
Removed Parameter Manufacture Part Number 1:EMF107B7223KAHT from Part C?
Removed Parameter Manufacture Part Number 1:ERJ-PB3B2152V from Part R?
Removed Parameter Manufacture Part Number 1:GRM188R60J106ME47D from Part C?
Removed Parameter Manufacture Part Number 1:UWX1C100MCL1GB from Part C?
Removed Parameter Manufacturer Part Number:CP2102N-A02-GQFN24 from Part U?
Removed Parameter Manufacturer Part Number:DS04-254-2-03BK-SMT from Part S?
Removed Parameter Manufacturer Part Number:DS04-254-2-04BK-SMT from Part S?
Removed Parameter Manufacturer Part Number:ESP32-WROOM-32D-N4 from Part U?
Removed Parameter Manufacturer Part Number:L7805CDT-TR from Part U?
Removed Parameter Manufacturer Part Number:MP28167GQ-P from Part U?
Removed Parameter Manufacturer Part Number:RC0603JR-070RL from Part R?
Removed Parameter Manufacturer Part Number:SI3404-TP from Part Q?
Removed Parameter Manufacturer Part Number:SP0503BAHTG from Part D?
Added Parameter ADAM Inventory Number 1=E##### to Implementation PCBLIB CONN 12PIN FEMALE
Added Parameter ADAM Inventory Number 1=E##### to Part J?
Added Parameter ADAM Inventory Number 1=E##### to Implementation PCBLIB Blue LED 0603
Added Parameter ADAM Inventory Number 1=E##### to Part D?
Added Parameter ADAM Inventory Number 1=E##### to Implementation PCBLIB Green LED 0603
Added Parameter ADAM Inventory Number 1=E##### to Part D?
Added Parameter ADAM Inventory Number 1=E##### to Part D?
Added Parameter ADAM Inventory Number 1=E##### to Implementation PCBLIB Red Led 0603
Added Parameter ADAM Inventory Number 1=E##### to Part D?
Added Parameter ADAM Inventory Number 1=E##### to Implementation PCBLIB YELLOW LED 0603 - duplicate
Added Parameter ADAM Inventory Number 1=E##### to Part R?
Added Parameter ADAM Inventory Number 1=E##### to Implementation PCBLIB RES 0603
Added Parameter ADAM Inventory Number 1=E##### to Part R?
Added Parameter ADAM Inventory Number 1=E##### to Implementation PCBLIB RES 0603
Added Parameter ADAM Inventory Number 1=E##### to Implementation PCBLIB BUTTON AB11AH-HC
Added Parameter ADAM Inventory Number 1=E##### to Part S?
Added Parameter ADAM Inventory Number 1=E##### to Implementation PCBLIB AP63205
Added Parameter ADAM Inventory Number 1=E##### to Part U?
Added Parameter ADAM Inventory Number 1=E##### to Implementation PCBLIB CAP 0603
Added Parameter ADAM Inventory Number 1=E##### to Part C??
Added Parameter ADAM Inventory Number 1=E##### to Implementation PCBLIB CAP ALUM 4.3MM2
Added Parameter ADAM Inventory Number 1=E##### to Part C?
Added Parameter ADAM Inventory Number 1=E##### to Implementation PCBLIB CAP ALUM 4.3MM2
Added Parameter ADAM Inventory Number 1=E##### to Part C?
Added Parameter ADAM Inventory Number 1=E##### to Implementation PCBLIB CAP ALSMD ELEC 8.3MM H10.5MM
Added Parameter ADAM Inventory Number 1=E##### to Part C?
Added Parameter ADAM Inventory Number 1=E##### to Implementation PCBLIB CAP 0603
Added Parameter ADAM Inventory Number 1=E##### to Part C?
Added Parameter ADAM Inventory Number 1=E##### to Implementation PCBLIB CAP 0603
Added Parameter ADAM Inventory Number 1=E##### to Part C?
Added Parameter ADAM Inventory Number 1=E##### to Implementation PCBLIB CAP 0603
Added Parameter ADAM Inventory Number 1=E##### to Part C?
Added Parameter ADAM Inventory Number 1=E##### to Implementation PCBLIB CAP 0603
Added Parameter ADAM Inventory Number 1=E##### to Part C?
Added Parameter ADAM Inventory Number 1=E##### to Implementation PCBLIB CAP 0603
Added Parameter ADAM Inventory Number 1=E##### to Part C?
Added Parameter ADAM Inventory Number 1=E##### to Implementation PCBLIB CONN FEM HEADER 2PIN
Added Parameter ADAM Inventory Number 1=E##### to Part J?
Added Parameter ADAM Inventory Number 1=E##### to Implementation PCBLIB CONN FEM HEADER 4PIN
Added Parameter ADAM Inventory Number 1=E##### to Part J?
Added Parameter ADAM Inventory Number 1=E##### to Implementation PCBLIB CONN JST 2PIN
Added Parameter ADAM Inventory Number 1=E##### to Part J?
Added Parameter ADAM Inventory Number 1=E##### to Part J?
Added Parameter ADAM Inventory Number 1=E##### to Implementation PCBLIB S2B-PH-SM4-TB_LF__SN
Added Parameter ADAM Inventory Number 1=E##### to Implementation PCBLIB CONN JST 4PIN
Added Parameter ADAM Inventory Number 1=E##### to Part J?
Added Parameter ADAM Inventory Number 1=E##### to Part J?
Added Parameter ADAM Inventory Number 1=E##### to Implementation PCBLIB JST BM08B-SRSS
Added Parameter ADAM Inventory Number 1=E##### to Implementation PCBLIB CONN JST 10PIN
Added Parameter ADAM Inventory Number 1=E##### to Part J?
Added Parameter ADAM Inventory Number 1=E##### to Part U?
Added Parameter ADAM Inventory Number 1=E##### to Implementation PCBLIB QFN_F03-GMR_SIL-M
Added Parameter ADAM Inventory Number 1=E##### to Implementation PCBLIB DIPSWITCH SMD 3P
Added Parameter ADAM Inventory Number 1=E##### to Part S?
Added Parameter ADAM Inventory Number 1=E##### to Implementation PCBLIB DIP SWITCH 4POS SMD
Added Parameter ADAM Inventory Number 1=E##### to Part S?
Added Parameter ADAM Inventory Number 1=E##### to Library 
Added Parameter ADAM Inventory Number 1=E##### to Implementation PCBLIB DRV8837CDSGT
Added Parameter ADAM Inventory Number 1=E##### to Part U?
Added Parameter ADAM Inventory Number 1=E##### to Implementation PCBLIB ESP32-WROOM-32D
Added Parameter ADAM Inventory Number 1=E##### to Part U?
Added Parameter ADAM Inventory Number 1=E##### to Implementation PCBLIB Fuse 500mA 0.6mm
Added Parameter ADAM Inventory Number 1=E##### to Part F?
Added Parameter ADAM Inventory Number 1=E##### to Implementation PCBLIB IND 4.7UH 4.6A
Added Parameter ADAM Inventory Number 1=E##### to Part L?
Added Parameter ADAM Inventory Number 1=E##### to Part U?
Added Parameter ADAM Inventory Number 1=E##### to Implementation PCBLIB ISD1760SY
Added Parameter ADAM Inventory Number 1=E##### to Part U?
Added Parameter ADAM Inventory Number 1=E##### to Implementation PCBLIB SOT-223
Added Parameter ADAM Inventory Number 1=E##### to Part U?
Added Parameter ADAM Inventory Number 1=E##### to Implementation PCBLIB LDO 5V
Added Parameter ADAM Inventory Number 1=E##### to Part U?
Added Parameter ADAM Inventory Number 1=E##### to Implementation PCBLIB LDO 5V
Added Parameter ADAM Inventory Number 1=E##### to Part U?
Added Parameter ADAM Inventory Number 1=E##### to Implementation PCBLIB LIS3MDLTR
Added Parameter ADAM Inventory Number 1=E##### to Part U?
Added Parameter ADAM Inventory Number 1=E##### to Implementation PCBLIB LSM6DSMTR
Added Parameter ADAM Inventory Number 1=E##### to Implementation PCBLIB 21-0896B_9_MXM
Added Parameter ADAM Inventory Number 1=E##### to Part U?
Added Parameter ADAM Inventory Number 1=E##### to Part U?
Added Parameter ADAM Inventory Number 1=E##### to Implementation PCBLIB SOT23_MCP73831T-2ACI/OT_HNW
Added Parameter ADAM Inventory Number 1=E##### to Part U?
Added Parameter ADAM Inventory Number 1=E##### to Implementation PCBLIB MP2816GQ-P
Added Parameter ADAM Inventory Number 1=E##### to Part R?
Added Parameter ADAM Inventory Number 1=E##### to Implementation PCBLIB RES 0603
Added Parameter ADAM Inventory Number 1=E##### to Implementation PCBLIB DIODE_PMEG2010ER,115_NEX
Added Parameter ADAM Inventory Number 1=E##### to Part D?
Added Parameter ADAM Inventory Number 1=E##### to Part U?
Added Parameter ADAM Inventory Number 1=E##### to Part R?
Added Parameter ADAM Inventory Number 1=E##### to Implementation PCBLIB RES 0603
Added Parameter ADAM Inventory Number 1=E##### to Part R??
Added Parameter ADAM Inventory Number 1=E##### to Implementation PCBLIB RES 0603
Added Parameter ADAM Inventory Number 1=E##### to Part R?
Added Parameter ADAM Inventory Number 1=E##### to Implementation PCBLIB RES 0603
Added Parameter ADAM Inventory Number 1=E##### to Part R?
Added Parameter ADAM Inventory Number 1=E##### to Implementation PCBLIB RES 0603
Added Parameter ADAM Inventory Number 1=E##### to Part R?
Added Parameter ADAM Inventory Number 1=E##### to Implementation PCBLIB RES 0603
Added Parameter ADAM Inventory Number 1=E##### to Part R?
Added Parameter ADAM Inventory Number 1=E##### to Implementation PCBLIB RES 0603
Added Parameter ADAM Inventory Number 1=E##### to Part R?
Added Parameter ADAM Inventory Number 1=E##### to Implementation PCBLIB RES 0603
Added Parameter ADAM Inventory Number 1=E##### to Part R?
Added Parameter ADAM Inventory Number 1=E##### to Implementation PCBLIB RES 0603
Added Parameter ADAM Inventory Number 1=E##### to Part R?
Added Parameter ADAM Inventory Number 1=E##### to Implementation PCBLIB RES 0603
Added Parameter ADAM Inventory Number 1=E##### to Part R?
Added Parameter ADAM Inventory Number 1=E##### to Implementation PCBLIB RES 0603
Added Parameter ADAM Inventory Number 1=E##### to Part R??
Added Parameter ADAM Inventory Number 1=E##### to Implementation PCBLIB RES 0603
Added Parameter ADAM Inventory Number 1=E##### to Part R?
Added Parameter ADAM Inventory Number 1=E##### to Implementation PCBLIB RES 0603
Added Parameter ADAM Inventory Number 1=E##### to Part R?
Added Parameter ADAM Inventory Number 1=E##### to Implementation PCBLIB RES 0603
Added Parameter ADAM Inventory Number 1=E##### to Part R?
Added Parameter ADAM Inventory Number 1=E##### to Implementation PCBLIB RES 0603
Added Parameter ADAM Inventory Number 1=E##### to Part R?
Added Parameter ADAM Inventory Number 1=E##### to Implementation PCBLIB RES 0603
Added Parameter ADAM Inventory Number 1=E##### to Implementation PCBLIB CONN9_020811_WRE
Added Parameter ADAM Inventory Number 1=E##### to Part J?
Added Parameter ADAM Inventory Number 1=E##### to Part S?
Added Parameter ADAM Inventory Number 1=E##### to Implementation PCBLIB SL 3Pos Switch
Added Parameter ADAM Inventory Number 1=E##### to Part S?
Added Parameter ADAM Inventory Number 1=E##### to Implementation PCBLIB Switch Lin SMD
Added Parameter ADAM Inventory Number 1=E##### to Part J?
Added Parameter ADAM Inventory Number 1=E##### to Implementation PCBLIB TERM BLOC 2P
Added Parameter ADAM Inventory Number 1=E##### to Part J?
Added Parameter ADAM Inventory Number 1=E##### to Implementation PCBLIB TERM BLOC 4P
Added Parameter ADAM Inventory Number 1=E##### to Part T?
Added Parameter ADAM Inventory Number 1=E##### to Implementation PCBLIB TEST POINTS
Added Parameter ADAM Inventory Number 1=E##### to Part Q?
Added Parameter ADAM Inventory Number 1=E##### to Implementation PCBLIB N-CHANNEL TRANS
Added Parameter ADAM Inventory Number 1=E##### to Part Q?
Added Parameter ADAM Inventory Number 1=E##### to Implementation PCBLIB SOT-723
Added Parameter ADAM Inventory Number 1=E##### to Part D?
Added Parameter ADAM Inventory Number 1=E##### to Implementation PCBLIB TVS 5.5 DIODE
Added Parameter ADAM Inventory Number 1=E##### to Implementation PCBLIB CP2102N-USB-UART
Added Parameter ADAM Inventory Number 1=E##### to Part U?
Added Parameter ADAM Inventory Number 1=E##### to Implementation PCBLIB USB C HORIZONTAL
Added Parameter ADAM Inventory Number 1=E##### to Implementation PCBLIB CONN_1050170001_MOL
Added Parameter ADAM Inventory Number 1=E##### to Part 1050170001
Added Parameter ADAM Inventory Number 1=E##### to Part J?
Added Parameter ADAM Inventory Number 1=E##### to Implementation PCBLIB USB B Horizontal
Added Parameter ADAM Inventory Number 1=E##### to Implementation PCBLIB BUZZ WST-1206BX
Added Parameter Manufacturer Part Number 1=10033526-N3212LF to Part J?
Added Parameter Manufacturer Part Number 1=CRCW0603499KFKEAHP to Part R?
Added Parameter Manufacturer Part Number 1=EMF107B7223KAHT to Part C?
Added Parameter Manufacturer Part Number 1=ERJ-PB3B2152V to Part R?
Added Parameter Manufacturer Part Number 1=GRM188R60J106ME47D to Part C?
Added Parameter Manufacturer Part Number 1=L7805CDT-TR to Part U?
Added Parameter Manufacturer Part Number 1=MP28167GQ-P to Part U?
Added Parameter Manufacturer Part Number 1=RC0603JR-070RL to Part R?
Added Parameter Manufacturer Part Number 1=UWX1C100MCL1GB to Part C?
