Replace Part C28 CAP CER 0.1UF 50V X7R 0603 in F:\Work or school\Projet Adams\SecurityDoor\Door\Altium\DPIAT202303_DOOR\Schematics\MCU.SchDoc with CAP CER 0.1UF 50V X7R 0603 from ADAM LIBRARY.SCHLIB
Replace Part C29 CAP CER 0.1UF 50V X7R 0603 in F:\Work or school\Projet Adams\SecurityDoor\Door\Altium\DPIAT202303_DOOR\Schematics\MCU.SchDoc with CAP CER 0.1UF 50V X7R 0603 from ADAM LIBRARY.SCHLIB
Replace Part C30 CAP CER 10UF 6.3V in F:\Work or school\Projet Adams\SecurityDoor\Door\Altium\DPIAT202303_DOOR\Schematics\MCU.SchDoc with CAP CER 10UF 6.3V from ADAM LIBRARY.SCHLIB
Replace Part J6 12PO FEM HEADER in F:\Work or school\Projet Adams\SecurityDoor\Door\Altium\DPIAT202303_DOOR\Schematics\MCU.SchDoc with 12PO FEM HEADER from ADAM LIBRARY.SCHLIB
Replace Part J7 12PO FEM HEADER in F:\Work or school\Projet Adams\SecurityDoor\Door\Altium\DPIAT202303_DOOR\Schematics\MCU.SchDoc with 12PO FEM HEADER from ADAM LIBRARY.SCHLIB
Replace Part J8 12PO FEM HEADER in F:\Work or school\Projet Adams\SecurityDoor\Door\Altium\DPIAT202303_DOOR\Schematics\MCU.SchDoc with 12PO FEM HEADER from ADAM LIBRARY.SCHLIB
Replace Part Q3 TRANS NPN 40V in F:\Work or school\Projet Adams\SecurityDoor\Door\Altium\DPIAT202303_DOOR\Schematics\MCU.SchDoc with TRANS NPN 40V from ADAM LIBRARY.SCHLIB
Replace Part Q4 TRANS NPN 40V in F:\Work or school\Projet Adams\SecurityDoor\Door\Altium\DPIAT202303_DOOR\Schematics\MCU.SchDoc with TRANS NPN 40V from ADAM LIBRARY.SCHLIB
Replace Part R20 RES SMD 100K OHM in F:\Work or school\Projet Adams\SecurityDoor\Door\Altium\DPIAT202303_DOOR\Schematics\MCU.SchDoc with RES SMD 100K OHM from ADAM LIBRARY.SCHLIB
Replace Part R21 RES SMD 100K OHM in F:\Work or school\Projet Adams\SecurityDoor\Door\Altium\DPIAT202303_DOOR\Schematics\MCU.SchDoc with RES SMD 100K OHM from ADAM LIBRARY.SCHLIB
Replace Part R23 RES SMD 10K OHM in F:\Work or school\Projet Adams\SecurityDoor\Door\Altium\DPIAT202303_DOOR\Schematics\MCU.SchDoc with RES SMD 10K OHM from ADAM LIBRARY.SCHLIB
Replace Part R24 RES SMD 10K OHM in F:\Work or school\Projet Adams\SecurityDoor\Door\Altium\DPIAT202303_DOOR\Schematics\MCU.SchDoc with RES SMD 10K OHM from ADAM LIBRARY.SCHLIB
Replace Part R26 RES SMD 10K OHM in F:\Work or school\Projet Adams\SecurityDoor\Door\Altium\DPIAT202303_DOOR\Schematics\MCU.SchDoc with RES SMD 10K OHM from ADAM LIBRARY.SCHLIB
Replace Part R27 RES SMD 10K OHM in F:\Work or school\Projet Adams\SecurityDoor\Door\Altium\DPIAT202303_DOOR\Schematics\MCU.SchDoc with RES SMD 10K OHM from ADAM LIBRARY.SCHLIB
Replace Part R28 RES SMD 10K OHM in F:\Work or school\Projet Adams\SecurityDoor\Door\Altium\DPIAT202303_DOOR\Schematics\MCU.SchDoc with RES SMD 10K OHM from ADAM LIBRARY.SCHLIB
Replace Part R29 RES SMD 10K OHM in F:\Work or school\Projet Adams\SecurityDoor\Door\Altium\DPIAT202303_DOOR\Schematics\MCU.SchDoc with RES SMD 10K OHM from ADAM LIBRARY.SCHLIB
Replace Part S3 Sw Lin in F:\Work or school\Projet Adams\SecurityDoor\Door\Altium\DPIAT202303_DOOR\Schematics\MCU.SchDoc with Sw Lin from ADAM LIBRARY.SCHLIB
Replace Part U8 ESP32-WROOM-32 (8MB) in F:\Work or school\Projet Adams\SecurityDoor\Door\Altium\DPIAT202303_DOOR\Schematics\MCU.SchDoc with ESP32-WROOM-32 (8MB) from ADAM LIBRARY.SCHLIB
Replace Part U8 ESP32-WROOM-32 (8MB) in F:\Work or school\Projet Adams\SecurityDoor\Door\Altium\DPIAT202303_DOOR\Schematics\MCU.SchDoc with ESP32-WROOM-32 (8MB) from ADAM LIBRARY.SCHLIB
Replace Part U8 ESP32-WROOM-32 (8MB) in F:\Work or school\Projet Adams\SecurityDoor\Door\Altium\DPIAT202303_DOOR\Schematics\MCU.SchDoc with ESP32-WROOM-32 (8MB) from ADAM LIBRARY.SCHLIB
