Added Component: Designator=CR1(SMASeries_LTF-M)
Add component (AddParameter): Name = "Mfr_Name"; Value = "Littelfuse Inc"; VariantName = "[No Variations]"
Add component (AddParameter): Name = "RefDes"; Value = ""; VariantName = "[No Variations]"
Add component (AddParameter): Name = "Type"; Value = ""; VariantName = "[No Variations]"
Added Component: Designator=CR2(SMASeries_LTF-M)
Add component (AddParameter): Name = "Mfr_Name"; Value = "Littelfuse Inc"; VariantName = "[No Variations]"
Add component (AddParameter): Name = "RefDes"; Value = ""; VariantName = "[No Variations]"
Add component (AddParameter): Name = "Type"; Value = ""; VariantName = "[No Variations]"
Add Component: Footprint Not Found SMASeries_LTF
Add Component: Footprint Not Found SMASeries_LTF
Added Pin To Net: NetName=GND Pin=CR1-1
Added Pin To Net: NetName=NetCR1_2 Pin=CR1-2
Added Pin To Net: NetName=GND Pin=CR2-1
Added Pin To Net: NetName=NetCR2_2 Pin=CR2-2
Add Pin To Net: Unknown Pin: Pin CR3-1
Add Pin To Net: Unknown Pin: Pin CR3-2
Add Pin To Net: Unknown Pin: Pin CR4-1
Add Pin To Net: Unknown Pin: Pin CR4-2
Added Member To Class: ClassName=Sheet1 Member=Component CR1 SMAJ60CA
Added Member To Class: ClassName=Sheet1 Member=Component CR2 SMAJ60CA
Add Class Member: Failed to add class member : Component CR3 SMAJ60CA
Add Class Member: Failed to add class member : Component CR4 SMAJ60CA
Added Room: Name=Sheet1
Added Room: Name=Sheet2
Added Room: Name=Sheet3
