Add Component: Footprint Not Found SMASeries_LTF
Add Component: Footprint Not Found SMASeries_LTF
Add Component: Footprint Not Found SMASeries_LTF
Add Component: Footprint Not Found SMASeries_LTF
Added Component: Designator=JP1(HDR1X6)
Add Pin To Net: Unknown Pin: Pin CR1-1
Add Pin To Net: Unknown Pin: Pin CR1-2
Add Pin To Net: Unknown Pin: Pin CR2-1
Add Pin To Net: Unknown Pin: Pin CR2-2
Add Pin To Net: Unknown Pin: Pin CR3-1
Add Pin To Net: Unknown Pin: Pin CR3-2
Add Pin To Net: Unknown Pin: Pin CR4-1
Add Pin To Net: Unknown Pin: Pin CR4-2
Added Pin To Net: NetName=NetC1_2 Pin=JP1-1
Added Pin To Net: NetName=NetC1_2 Pin=JP1-2
Added Pin To Net: NetName=GND Pin=JP1-3
Added Pin To Net: NetName=GND Pin=JP1-4
Added Pin To Net: NetName=VBAT Pin=JP1-5
Added Pin To Net: NetName=VBAT Pin=JP1-6
Add Class Member: Failed to add class member : Component CR1 SMAJ60CA
Add Class Member: Failed to add class member : Component CR2 SMAJ60CA
Add Class Member: Failed to add class member : Component CR3 SMAJ60CA
Add Class Member: Failed to add class member : Component CR4 SMAJ60CA
Added Member To Class: ClassName=Sheet1 Member=Component JP1 Boost Regulator
Added Room: Name=Sheet1
Added Room: Name=Sheet2
Added Room: Name=Sheet3
