Change Physical Footprint: Designator=C1 Old Footprint=CAP 0603 New Footprint=CAP 0603
Change Physical Footprint: Designator=C2 Old Footprint=CAP 0603 New Footprint=CAP 0603
Change Physical Footprint: Designator=C3 Old Footprint=CAP 0603 New Footprint=CAP 0603
Change Physical Footprint: Designator=C4 Old Footprint=CAP 0603 New Footprint=CAP 0603
Change Physical Footprint: Designator=C5 Old Footprint=CAP 0603 New Footprint=CAP 0603
Change Physical Footprint: Designator=C6 Old Footprint=CAP 0603 New Footprint=CAP 0603
Change Physical Footprint: Designator=C7 Old Footprint=CAP 0603 New Footprint=CAP 0603
Change Physical Footprint: Designator=C8 Old Footprint=CAP 0603 New Footprint=CAP 0603
Change Physical Footprint: Designator=C9 Old Footprint=CAP 0603 New Footprint=CAP 0603
Change Physical Footprint: Designator=C10 Old Footprint=CAP 0603 New Footprint=CAP 0603
Change Physical Footprint: Designator=C11 Old Footprint=CAP 0603 New Footprint=CAP 0603
Change Physical Footprint: Designator=C12 Old Footprint=CAP ALUM 4.3MM2 New Footprint=CAP ALUM 4.3MM2
Change Physical Footprint: Designator=C13 Old Footprint=CAP 0603 New Footprint=CAP 0603
Change Physical Footprint: Designator=C14 Old Footprint=CAP 0603 New Footprint=CAP 0603
Change Physical Footprint: Designator=C15 Old Footprint=CAP ALUM 4.3MM2 New Footprint=CAP ALUM 4.3MM2
Change Physical Footprint: Designator=C16 Old Footprint=CAP 0603 New Footprint=CAP 0603
Change Physical Footprint: Designator=C17 Old Footprint=CAP ALSMD ELEC 4.3MM H5.4MM New Footprint=CAP ALSMD ELEC 4.3MM H5.4MM
Change Physical Footprint: Designator=C18 Old Footprint=CAP 0603 New Footprint=CAP 0603
Change Physical Footprint: Designator=C19 Old Footprint=CAP ALSMD ELEC 4.3MM H5.4MM New Footprint=CAP ALSMD ELEC 4.3MM H5.4MM
Change Physical Footprint: Designator=C20 Old Footprint=CAP 0603 New Footprint=CAP 0603
Change Physical Footprint: Designator=C21 Old Footprint=CAP ALUM 4.3MM2 New Footprint=CAP ALUM 4.3MM2
Change Physical Footprint: Designator=C22 Old Footprint=CAP 0603 New Footprint=CAP 0603
Change Physical Footprint: Designator=CR1 Old Footprint=CPDQ-M New Footprint=CPDQ-M
Change Physical Footprint: Designator=CR2 Old Footprint=CPDQ-M New Footprint=CPDQ-M
Change Physical Footprint: Designator=CR3 Old Footprint=CPDQ-M New Footprint=CPDQ-M
Change Physical Footprint: Designator=CR4 Old Footprint=CPDQ-M New Footprint=CPDQ-M
Change Physical Footprint: Designator=CR5 Old Footprint=CPDQ-M New Footprint=CPDQ-M
Change Physical Footprint: Designator=CR6 Old Footprint=CPDQ-M New Footprint=CPDQ-M
Change Physical Footprint: Designator=D1 Old Footprint=DIODE_PMEG2010ER,115_NEX New Footprint=DIODE_PMEG2010ER,115_NEX
Change Physical Footprint: Designator=D2 Old Footprint=Red Led 0603 New Footprint=Red Led 0603
Change Physical Footprint: Designator=D3 Old Footprint=DIODE_PMEG2010ER,115_NEX New Footprint=DIODE_PMEG2010ER,115_NEX
Change Physical Footprint: Designator=D4 Old Footprint=YELLOW LED 0603 - duplicate New Footprint=YELLOW LED 0603 - duplicate
Change Physical Footprint: Designator=D5 Old Footprint=Green LED 0603 New Footprint=Green LED 0603
Change Physical Footprint: Designator=D6 Old Footprint=Blue LED 0603 New Footprint=Blue LED 0603
Change Physical Footprint: Designator=D7 Old Footprint=Blue LED 0603 New Footprint=Blue LED 0603
Change Physical Footprint: Designator=F1 Old Footprint=Fuse 500mA 0.6mm New Footprint=Fuse 500mA 0.6mm
Change Physical Footprint: Designator=J1 Old Footprint=S2B-PH-SM4-TB_LF__SN New Footprint=S2B-PH-SM4-TB_LF__SN
Change Physical Footprint: Designator=J2 Old Footprint=CONN_1050170001_MOL New Footprint=CONN_1050170001_MOL
Change Physical Footprint: Designator=J3 Old Footprint=CONN9_020811_WRE New Footprint=CONN9_020811_WRE
Change Physical Footprint: Designator=J4 Old Footprint=CONN FEM HEADER 2PIN New Footprint=CONN FEM HEADER 2PIN
Change Physical Footprint: Designator=J5 Old Footprint=CONN FEM HEADER 2PIN New Footprint=CONN FEM HEADER 2PIN
Change Physical Footprint: Designator=JP1 Old Footprint=HDR1X6 New Footprint=HDR1X6
Change Physical Footprint: Designator=JP3 Old Footprint=CONN 12PIN FEMALE New Footprint=CONN 12PIN FEMALE
Change Physical Footprint: Designator=JP4 Old Footprint=CONN 12PIN FEMALE New Footprint=CONN 12PIN FEMALE
Change Physical Footprint: Designator=JP5 Old Footprint=J\40P New Footprint=J\40P
Change Physical Footprint: Designator=JP6 Old Footprint=CONN 12PIN FEMALE New Footprint=CONN 12PIN FEMALE
Change Physical Footprint: Designator=JP7 Old Footprint=J\6P New Footprint=J\6P
Change Physical Footprint: Designator=MTH1 Old Footprint=Mounting Hole New Footprint=Mounting Hole
Change Physical Footprint: Designator=MTH2 Old Footprint=Mounting Hole New Footprint=Mounting Hole
Change Physical Footprint: Designator=MTH3 Old Footprint=Mounting Hole New Footprint=Mounting Hole
Change Physical Footprint: Designator=Q1 Old Footprint=SOT_4C-E3-08_VIS-M New Footprint=SOT_4C-E3-08_VIS-M
Change Physical Footprint: Designator=Q2 Old Footprint=SOT_4C-E3-08_VIS-M New Footprint=SOT_4C-E3-08_VIS-M
Change Physical Footprint: Designator=Q3 Old Footprint=SOT-723 New Footprint=SOT-723
Change Physical Footprint: Designator=Q4 Old Footprint=LF50CDT New Footprint=LF50CDT
Change Physical Footprint: Designator=R1 Old Footprint=RES 0603 New Footprint=RES 0603
Change Physical Footprint: Designator=R2 Old Footprint=RES 0603 New Footprint=RES 0603
Change Physical Footprint: Designator=R3 Old Footprint=RES 0603 New Footprint=RES 0603
Change Physical Footprint: Designator=R4 Old Footprint=RES 0603 New Footprint=RES 0603
Change Physical Footprint: Designator=R5 Old Footprint=RES 0603 New Footprint=RES 0603
Change Physical Footprint: Designator=R6 Old Footprint=RES 0603 New Footprint=RES 0603
Change Physical Footprint: Designator=R7 Old Footprint=RES 0603 New Footprint=RES 0603
Change Physical Footprint: Designator=R8 Old Footprint=RES 0603 New Footprint=RES 0603
Change Physical Footprint: Designator=R9 Old Footprint=RES 0603 New Footprint=RES 0603
Change Physical Footprint: Designator=R10 Old Footprint=RES 0603 New Footprint=RES 0603
Change Physical Footprint: Designator=R11 Old Footprint=RES 0603 New Footprint=RES 0603
Change Physical Footprint: Designator=R12 Old Footprint=RES 0603 New Footprint=RES 0603
Change Physical Footprint: Designator=R13 Old Footprint=RES 0603 New Footprint=RES 0603
Change Physical Footprint: Designator=R14 Old Footprint=RES 0603 New Footprint=RES 0603
Change Physical Footprint: Designator=R15 Old Footprint=RES 0603 New Footprint=RES 0603
Change Physical Footprint: Designator=R16 Old Footprint=RES 0603 New Footprint=RES 0603
Change Physical Footprint: Designator=R17 Old Footprint=RES 0603 New Footprint=RES 0603
Change Physical Footprint: Designator=R18 Old Footprint=RES 0603 New Footprint=RES 0603
Change Physical Footprint: Designator=R19 Old Footprint=RES 0603 New Footprint=RES 0603
Change Physical Footprint: Designator=R20 Old Footprint=RES 0603 New Footprint=RES 0603
Change Physical Footprint: Designator=R21 Old Footprint=RES 0603 New Footprint=RES 0603
Change Physical Footprint: Designator=R22 Old Footprint=RES 0603 New Footprint=RES 0603
Change Physical Footprint: Designator=R23 Old Footprint=RES 0603 New Footprint=RES 0603
Change Physical Footprint: Designator=R24 Old Footprint=RES 0603 New Footprint=RES 0603
Change Physical Footprint: Designator=S1 Old Footprint=Switch Lin SMD New Footprint=Switch Lin SMD
Change Physical Footprint: Designator=S2 Old Footprint=Switch Lin SMD New Footprint=Switch Lin SMD
Change Physical Footprint: Designator=S3 Old Footprint=Switch Lin SMD New Footprint=Switch Lin SMD
Change Physical Footprint: Designator=S4 Old Footprint=SL 3Pos Switch New Footprint=SL 3Pos Switch
Change Physical Footprint: Designator=S5 Old Footprint=Switch Lin SMD New Footprint=Switch Lin SMD
Change Physical Footprint: Designator=U1 Old Footprint=SOT-25 New Footprint=SOT-25
Change Physical Footprint: Designator=U2 Old Footprint=QFN_F03-GMR_SIL-M New Footprint=QFN_F03-GMR_SIL-M
Change Physical Footprint: Designator=U3 Old Footprint=ESP32-WROOM-32D New Footprint=ESP32-WROOM-32D
Change Physical Footprint: Designator=U4 Old Footprint=SOT23_MCP73831T-2ACI/OT_HNW New Footprint=SOT23_MCP73831T-2ACI/OT_HNW
Change Physical Footprint: Designator=U5 Old Footprint=ISD1760SY New Footprint=ISD1760SY
